<?xml version="1.0" encoding="UTF-8"?>
<coverage generated="1747911658162" clover="3.2.0">
  <project timestamp="1747911658162" name="All files">
    <metrics statements="108" coveredstatements="103" conditionals="89" coveredconditionals="70" methods="62" coveredmethods="61" elements="259" coveredelements="234" complexity="0" loc="108" ncloc="108" packages="1" files="1" classes="1"/>
    <file name="QueryParser.ts" path="/Users/rafael.gonzalezmunoz/Development/r2digisolutions/functions/src/lib/utils/query/QueryParser.ts">
      <metrics statements="108" coveredstatements="103" conditionals="89" coveredconditionals="70" methods="62" coveredmethods="61"/>
      <line num="31" count="1" type="stmt"/>
      <line num="34" count="27" type="stmt"/>
      <line num="36" count="2" type="stmt"/>
      <line num="37" count="2" type="cond" truecount="1" falsecount="1"/>
      <line num="39" count="1" type="stmt"/>
      <line num="40" count="1" type="cond" truecount="3" falsecount="0"/>
      <line num="44" count="25" type="stmt"/>
      <line num="46" count="3" type="stmt"/>
      <line num="47" count="3" type="cond" truecount="2" falsecount="0"/>
      <line num="49" count="1" type="stmt"/>
      <line num="50" count="1" type="stmt"/>
      <line num="54" count="23" type="cond" truecount="3" falsecount="0"/>
      <line num="56" count="3" type="stmt"/>
      <line num="57" count="3" type="cond" truecount="2" falsecount="0"/>
      <line num="59" count="1" type="stmt"/>
      <line num="60" count="1" type="stmt"/>
      <line num="64" count="21" type="stmt"/>
      <line num="66" count="1" type="stmt"/>
      <line num="67" count="1" type="cond" truecount="1" falsecount="1"/>
      <line num="69" count="1" type="stmt"/>
      <line num="70" count="1" type="cond" truecount="3" falsecount="0"/>
      <line num="74" count="20" type="stmt"/>
      <line num="76" count="2" type="stmt"/>
      <line num="77" count="2" type="cond" truecount="1" falsecount="1"/>
      <line num="79" count="1" type="stmt"/>
      <line num="80" count="1" type="cond" truecount="3" falsecount="0"/>
      <line num="84" count="18" type="cond" truecount="2" falsecount="0"/>
      <line num="86" count="2" type="stmt"/>
      <line num="87" count="2" type="cond" truecount="1" falsecount="1"/>
      <line num="89" count="1" type="stmt"/>
      <line num="90" count="1" type="cond" truecount="3" falsecount="0"/>
      <line num="94" count="16" type="stmt"/>
      <line num="96" count="2" type="stmt"/>
      <line num="97" count="2" type="cond" truecount="1" falsecount="1"/>
      <line num="99" count="1" type="stmt"/>
      <line num="100" count="1" type="cond" truecount="3" falsecount="0"/>
      <line num="104" count="14" type="stmt"/>
      <line num="106" count="3" type="stmt"/>
      <line num="107" count="3" type="cond" truecount="1" falsecount="1"/>
      <line num="109" count="1" type="stmt"/>
      <line num="110" count="4" type="cond" truecount="3" falsecount="0"/>
      <line num="114" count="11" type="stmt"/>
      <line num="116" count="3" type="stmt"/>
      <line num="117" count="3" type="cond" truecount="1" falsecount="1"/>
      <line num="119" count="1" type="stmt"/>
      <line num="120" count="4" type="cond" truecount="3" falsecount="0"/>
      <line num="124" count="8" type="stmt"/>
      <line num="126" count="2" type="stmt"/>
      <line num="127" count="2" type="cond" truecount="1" falsecount="1"/>
      <line num="129" count="1" type="stmt"/>
      <line num="130" count="1" type="cond" truecount="3" falsecount="0"/>
      <line num="134" count="6" type="cond" truecount="2" falsecount="0"/>
      <line num="136" count="2" type="stmt"/>
      <line num="137" count="2" type="cond" truecount="2" falsecount="0"/>
      <line num="138" count="1" type="stmt"/>
      <line num="139" count="2" type="stmt"/>
      <line num="140" count="2" type="stmt"/>
      <line num="141" count="2" type="cond" truecount="1" falsecount="1"/>
      <line num="143" count="1" type="stmt"/>
      <line num="146" count="2" type="stmt"/>
      <line num="147" count="1" type="stmt"/>
      <line num="149" count="3" type="cond" truecount="2" falsecount="0"/>
      <line num="153" count="5" type="cond" truecount="2" falsecount="0"/>
      <line num="155" count="1" type="stmt"/>
      <line num="156" count="1" type="cond" truecount="1" falsecount="1"/>
      <line num="157" count="1" type="stmt"/>
      <line num="158" count="1" type="cond" truecount="1" falsecount="1"/>
      <line num="159" count="1" type="stmt"/>
      <line num="160" count="2" type="stmt"/>
      <line num="161" count="2" type="stmt"/>
      <line num="162" count="2" type="cond" truecount="1" falsecount="1"/>
      <line num="164" count="1" type="stmt"/>
      <line num="166" count="0" type="stmt"/>
      <line num="167" count="0" type="stmt"/>
      <line num="168" count="0" type="stmt"/>
      <line num="169" count="0" type="cond" truecount="0" falsecount="2"/>
      <line num="171" count="0" type="stmt"/>
      <line num="174" count="2" type="stmt"/>
      <line num="175" count="1" type="stmt"/>
      <line num="177" count="3" type="cond" truecount="2" falsecount="0"/>
      <line num="182" count="9" type="stmt"/>
      <line num="185" count="9" type="stmt"/>
      <line num="190" count="9" type="stmt"/>
      <line num="191" count="9" type="stmt"/>
      <line num="193" count="9" type="stmt"/>
      <line num="194" count="27" type="stmt"/>
      <line num="195" count="194" type="cond" truecount="2" falsecount="0"/>
      <line num="196" count="26" type="stmt"/>
      <line num="197" count="26" type="cond" truecount="2" falsecount="0"/>
      <line num="198" count="23" type="stmt"/>
      <line num="199" count="23" type="stmt"/>
      <line num="200" count="23" type="stmt"/>
      <line num="206" count="9" type="cond" truecount="1" falsecount="1"/>
      <line num="207" count="9" type="stmt"/>
      <line num="211" count="1" type="cond" truecount="3" falsecount="1"/>
      <line num="213" count="1" type="stmt"/>
      <line num="214" count="78" type="stmt"/>
      <line num="215" count="12" type="cond" truecount="1" falsecount="1"/>
      <line num="218" count="1" type="stmt"/>
      <line num="222" count="6" type="stmt"/>
      <line num="223" count="6" type="cond" truecount="4" falsecount="0"/>
      <line num="225" count="4" type="stmt"/>
      <line num="226" count="10" type="stmt"/>
      <line num="227" count="175" type="stmt"/>
      <line num="228" count="22" type="cond" truecount="1" falsecount="1"/>
      <line num="230" count="22" type="stmt"/>
      <line num="231" count="22" type="stmt"/>
      <line num="234" count="10" type="cond" truecount="1" falsecount="1"/>
    </file>
  </project>
</coverage>
