{"/Users/rafael.gonzalezmunoz/Development/r2digisolutions/functions/svelte.config.js": {"path":"/Users/rafael.gonzalezmunoz/Development/r2digisolutions/functions/svelte.config.js","statementMap":{"0":{"start":{"line":5,"column":15},"end":{"line":16,"column":1}}},"fnMap":{},"branchMap":{},"s":{"0":0},"f":{},"b":{}}
,"/Users/rafael.gonzalezmunoz/Development/r2digisolutions/functions/build/_app/env.js": {"path":"/Users/rafael.gonzalezmunoz/Development/r2digisolutions/functions/build/_app/env.js","statementMap":{"0":{"start":{"line":1,"column":17},"end":{"line":1,"column":null}}},"fnMap":{},"branchMap":{},"s":{"0":0},"f":{},"b":{}}
,"/Users/rafael.gonzalezmunoz/Development/r2digisolutions/functions/build/_app/immutable/chunks/B3zPudE1.js": {"path":"/Users/rafael.gonzalezmunoz/Development/r2digisolutions/functions/build/_app/immutable/chunks/B3zPudE1.js","statementMap":{"0":{"start":{"line":1,"column":69},"end":{"line":1,"column":136}},"1":{"start":{"line":1,"column":151},"end":{"line":1,"column":248}},"2":{"start":{"line":1,"column":209},"end":{"line":1,"column":213}},"3":{"start":{"line":1,"column":214},"end":{"line":1,"column":246}},"4":{"start":{"line":1,"column":238},"end":{"line":1,"column":246}},"5":{"start":{"line":1,"column":269},"end":{"line":1,"column":272}},"6":{"start":{"line":1,"column":273},"end":{"line":1,"column":307}}},"fnMap":{"0":{"name":"l","decl":{"start":{"line":1,"column":64},"end":{"line":1,"column":65}},"loc":{"start":{"line":1,"column":68},"end":{"line":1,"column":137}}},"1":{"name":"r","decl":{"start":{"line":1,"column":146},"end":{"line":1,"column":147}},"loc":{"start":{"line":1,"column":150},"end":{"line":1,"column":249}}},"2":{"name":"(anonymous_2)","decl":{"start":{"line":1,"column":196},"end":{"line":1,"column":197}},"loc":{"start":{"line":1,"column":200},"end":{"line":1,"column":247}}},"3":{"name":"a","decl":{"start":{"line":1,"column":258},"end":{"line":1,"column":259}},"loc":{"start":{"line":1,"column":262},"end":{"line":1,"column":308}}}},"branchMap":{"0":{"loc":{"start":{"line":1,"column":151},"end":{"line":1,"column":164}},"type":"binary-expr","locations":[{"start":{"line":1,"column":151},"end":{"line":1,"column":159}},{"start":{"line":1,"column":161},"end":{"line":1,"column":164}}]},"1":{"loc":{"start":{"line":1,"column":165},"end":{"line":1,"column":248}},"type":"cond-expr","locations":[{"start":{"line":1,"column":179},"end":{"line":1,"column":193}},{"start":{"line":1,"column":194},"end":{"line":1,"column":248}}]},"2":{"loc":{"start":{"line":1,"column":165},"end":{"line":1,"column":178}},"type":"binary-expr","locations":[{"start":{"line":1,"column":165},"end":{"line":1,"column":166}},{"start":{"line":1,"column":168},"end":{"line":1,"column":178}}]},"3":{"loc":{"start":{"line":1,"column":214},"end":{"line":1,"column":246}},"type":"if","locations":[{"start":{"line":1,"column":214},"end":{"line":1,"column":246}},{"start":{},"end":{}}]},"4":{"loc":{"start":{"line":1,"column":280},"end":{"line":1,"column":307}},"type":"binary-expr","locations":[{"start":{"line":1,"column":280},"end":{"line":1,"column":283}},{"start":{"line":1,"column":286},"end":{"line":1,"column":306}}]}},"s":{"0":0,"1":0,"2":0,"3":0,"4":0,"5":0,"6":0},"f":{"0":0,"1":0,"2":0,"3":0},"b":{"0":[0,0],"1":[0,0],"2":[0,0],"3":[0,0],"4":[0,0]}}
,"/Users/rafael.gonzalezmunoz/Development/r2digisolutions/functions/build/_app/immutable/chunks/BQdGC1Qf.js": {"path":"/Users/rafael.gonzalezmunoz/Development/r2digisolutions/functions/build/_app/immutable/chunks/BQdGC1Qf.js","statementMap":{"0":{"start":{"line":1,"column":7},"end":{"line":1,"column":30}},"1":{"start":{"line":1,"column":11},"end":{"line":1,"column":29}},"2":{"start":{"line":1,"column":38},"end":{"line":1,"column":72}},"3":{"start":{"line":1,"column":47},"end":{"line":1,"column":72}},"4":{"start":{"line":1,"column":79},"end":{"line":1,"column":144}},"5":{"start":{"line":1,"column":89},"end":{"line":1,"column":143}},"6":{"start":{"line":1,"column":147},"end":{"line":1,"column":261}},"7":{"start":{"line":1,"column":156},"end":{"line":1,"column":261}},"8":{"start":{"line":1,"column":376},"end":{"line":1,"column":378}},"9":{"start":{"line":1,"column":405},"end":{"line":1,"column":409}},"10":{"start":{"line":1,"column":418},"end":{"line":1,"column":425}},"11":{"start":{"line":1,"column":440},"end":{"line":1,"column":577}},"12":{"start":{"line":1,"column":469},"end":{"line":1,"column":478}},"13":{"start":{"line":1,"column":479},"end":{"line":1,"column":515}},"14":{"start":{"line":1,"column":496},"end":{"line":1,"column":515}},"15":{"start":{"line":1,"column":515},"end":{"line":1,"column":576}},"16":{"start":{"line":1,"column":521},"end":{"line":1,"column":565}},"17":{"start":{"line":1,"column":531},"end":{"line":1,"column":532}},"18":{"start":{"line":1,"column":549},"end":{"line":1,"column":565}},"19":{"start":{"line":1,"column":565},"end":{"line":1,"column":575}},"20":{"start":{"line":1,"column":592},"end":{"line":1,"column":599}},"21":{"start":{"line":1,"column":627},"end":{"line":1,"column":632}},"22":{"start":{"line":1,"column":633},"end":{"line":1,"column":726}},"23":{"start":{"line":1,"column":686},"end":{"line":1,"column":725}},"24":{"start":{"line":1,"column":727},"end":{"line":1,"column":761}},"25":{"start":{"line":1,"column":762},"end":{"line":1,"column":795}},"26":{"start":{"line":1,"column":812},"end":{"line":1,"column":925}},"27":{"start":{"line":1,"column":941},"end":{"line":1,"column":989}},"28":{"start":{"line":1,"column":1005},"end":{"line":1,"column":1052}},"29":{"start":{"line":1,"column":1022},"end":{"line":1,"column":1052}},"30":{"start":{"line":1,"column":1052},"end":{"line":1,"column":1060}},"31":{"start":{"line":1,"column":1083},"end":{"line":1,"column":1105}},"32":{"start":{"line":1,"column":1138},"end":{"line":1,"column":1148}},"33":{"start":{"line":1,"column":1149},"end":{"line":1,"column":1397}},"34":{"start":{"line":1,"column":1230},"end":{"line":1,"column":1293}},"35":{"start":{"line":1,"column":1268},"end":{"line":1,"column":1293}},"36":{"start":{"line":1,"column":1279},"end":{"line":1,"column":1291}},"37":{"start":{"line":1,"column":1293},"end":{"line":1,"column":1297}},"38":{"start":{"line":1,"column":1305},"end":{"line":1,"column":1321}},"39":{"start":{"line":1,"column":1322},"end":{"line":1,"column":1361}},"40":{"start":{"line":1,"column":1405},"end":{"line":1,"column":1453}},"41":{"start":{"line":1,"column":1454},"end":{"line":1,"column":1472}},"42":{"start":{"line":1,"column":1472},"end":{"line":1,"column":1571}},"43":{"start":{"line":1,"column":1489},"end":{"line":1,"column":1571}},"44":{"start":{"line":1,"column":1522},"end":{"line":1,"column":1537}},"45":{"start":{"line":1,"column":1571},"end":{"line":1,"column":1579}},"46":{"start":{"line":1,"column":1604},"end":{"line":1,"column":1608}},"47":{"start":{"line":1,"column":1609},"end":{"line":1,"column":1889}},"48":{"start":{"line":1,"column":1626},"end":{"line":1,"column":1889}},"49":{"start":{"line":1,"column":1655},"end":{"line":1,"column":1663}},"50":{"start":{"line":1,"column":1664},"end":{"line":1,"column":1696}},"51":{"start":{"line":1,"column":1672},"end":{"line":1,"column":1696}},"52":{"start":{"line":1,"column":1702},"end":{"line":1,"column":1889}},"53":{"start":{"line":1,"column":1736},"end":{"line":1,"column":1786}},"54":{"start":{"line":1,"column":1793},"end":{"line":1,"column":1801}},"55":{"start":{"line":1,"column":1802},"end":{"line":1,"column":1823}},"56":{"start":{"line":1,"column":1810},"end":{"line":1,"column":1823}},"57":{"start":{"line":1,"column":1829},"end":{"line":1,"column":1889}},"58":{"start":{"line":1,"column":1889},"end":{"line":1,"column":1915}},"59":{"start":{"line":1,"column":1939},"end":{"line":1,"column":1946}},"60":{"start":{"line":1,"column":1949},"end":{"line":1,"column":1973}},"61":{"start":{"line":1,"column":1974},"end":{"line":1,"column":2022}},"62":{"start":{"line":1,"column":1984},"end":{"line":1,"column":1985}},"63":{"start":{"line":1,"column":2001},"end":{"line":1,"column":2022}},"64":{"start":{"line":1,"column":2022},"end":{"line":1,"column":2037}},"65":{"start":{"line":1,"column":2047},"end":{"line":1,"column":2059}},"66":{"start":{"line":1,"column":2060},"end":{"line":1,"column":2180}},"67":{"start":{"line":1,"column":2081},"end":{"line":1,"column":2178}},"68":{"start":{"line":1,"column":2188},"end":{"line":1,"column":2195}},"69":{"start":{"line":1,"column":2221},"end":{"line":1,"column":2228}},"70":{"start":{"line":1,"column":2231},"end":{"line":1,"column":2256}},"71":{"start":{"line":1,"column":2257},"end":{"line":1,"column":2495}},"72":{"start":{"line":1,"column":2301},"end":{"line":1,"column":2326}},"73":{"start":{"line":1,"column":2335},"end":{"line":1,"column":2361}},"74":{"start":{"line":1,"column":2362},"end":{"line":1,"column":2494}},"75":{"start":{"line":1,"column":2495},"end":{"line":1,"column":2519}},"76":{"start":{"line":1,"column":2539},"end":{"line":1,"column":2744}},"77":{"start":{"line":1,"column":2560},"end":{"line":1,"column":2567}},"78":{"start":{"line":1,"column":2570},"end":{"line":1,"column":2578}},"79":{"start":{"line":1,"column":2579},"end":{"line":1,"column":2743}},"80":{"start":{"line":1,"column":2585},"end":{"line":1,"column":2731}},"81":{"start":{"line":1,"column":2696},"end":{"line":1,"column":2731}},"82":{"start":{"line":1,"column":2731},"end":{"line":1,"column":2742}},"83":{"start":{"line":1,"column":2744},"end":{"line":1,"column":2768}},"84":{"start":{"line":1,"column":2792},"end":{"line":1,"column":2882}},"85":{"start":{"line":1,"column":2883},"end":{"line":1,"column":3100}},"86":{"start":{"line":1,"column":2931},"end":{"line":1,"column":2933}},"87":{"start":{"line":1,"column":2934},"end":{"line":1,"column":3099}},"88":{"start":{"line":1,"column":3100},"end":{"line":1,"column":3108}},"89":{"start":{"line":1,"column":3118},"end":{"line":1,"column":3157}},"90":{"start":{"line":1,"column":3181},"end":{"line":1,"column":3183}},"91":{"start":{"line":1,"column":3184},"end":{"line":1,"column":3978}},"92":{"start":{"line":1,"column":3251},"end":{"line":1,"column":3289}},"93":{"start":{"line":1,"column":3290},"end":{"line":1,"column":3379}},"94":{"start":{"line":1,"column":3295},"end":{"line":1,"column":3379}},"95":{"start":{"line":1,"column":3387},"end":{"line":1,"column":3423}},"96":{"start":{"line":1,"column":3424},"end":{"line":1,"column":3516}},"97":{"start":{"line":1,"column":3429},"end":{"line":1,"column":3516}},"98":{"start":{"line":1,"column":3516},"end":{"line":1,"column":3529}},"99":{"start":{"line":1,"column":3522},"end":{"line":1,"column":3529}},"100":{"start":{"line":1,"column":3537},"end":{"line":1,"column":3563}},"101":{"start":{"line":1,"column":3564},"end":{"line":1,"column":3951}},"102":{"start":{"line":1,"column":3588},"end":{"line":1,"column":3928}},"103":{"start":{"line":1,"column":3596},"end":{"line":1,"column":3674}},"104":{"start":{"line":1,"column":3618},"end":{"line":1,"column":3674}},"105":{"start":{"line":1,"column":3674},"end":{"line":1,"column":3776}},"106":{"start":{"line":1,"column":3696},"end":{"line":1,"column":3776}},"107":{"start":{"line":1,"column":3758},"end":{"line":1,"column":3772}},"108":{"start":{"line":1,"column":3784},"end":{"line":1,"column":3794}},"109":{"start":{"line":1,"column":3806},"end":{"line":1,"column":3807}},"110":{"start":{"line":1,"column":3808},"end":{"line":1,"column":3927}},"111":{"start":{"line":1,"column":3928},"end":{"line":1,"column":3940}},"112":{"start":{"line":1,"column":3994},"end":{"line":1,"column":4022}},"113":{"start":{"line":1,"column":4038},"end":{"line":1,"column":4077}},"114":{"start":{"line":1,"column":4105},"end":{"line":1,"column":4107}},"115":{"start":{"line":1,"column":4110},"end":{"line":1,"column":4120}},"116":{"start":{"line":1,"column":4123},"end":{"line":1,"column":4146}},"117":{"start":{"line":1,"column":4135},"end":{"line":1,"column":4145}},"118":{"start":{"line":1,"column":4153},"end":{"line":1,"column":4154}},"119":{"start":{"line":1,"column":4155},"end":{"line":1,"column":4542}},"120":{"start":{"line":1,"column":4165},"end":{"line":1,"column":4166}},"121":{"start":{"line":1,"column":4192},"end":{"line":1,"column":4196}},"122":{"start":{"line":1,"column":4203},"end":{"line":1,"column":4209}},"123":{"start":{"line":1,"column":4210},"end":{"line":1,"column":4327}},"124":{"start":{"line":1,"column":4265},"end":{"line":1,"column":4266}},"125":{"start":{"line":1,"column":4295},"end":{"line":1,"column":4318}},"126":{"start":{"line":1,"column":4318},"end":{"line":1,"column":4326}},"127":{"start":{"line":1,"column":4327},"end":{"line":1,"column":4496}},"128":{"start":{"line":1,"column":4359},"end":{"line":1,"column":4371}},"129":{"start":{"line":1,"column":4379},"end":{"line":1,"column":4385}},"130":{"start":{"line":1,"column":4388},"end":{"line":1,"column":4394}},"131":{"start":{"line":1,"column":4395},"end":{"line":1,"column":4487}},"132":{"start":{"line":1,"column":4487},"end":{"line":1,"column":4495}},"133":{"start":{"line":1,"column":4496},"end":{"line":1,"column":4535}},"134":{"start":{"line":1,"column":4522},"end":{"line":1,"column":4526}},"135":{"start":{"line":1,"column":4526},"end":{"line":1,"column":4534}},"136":{"start":{"line":1,"column":4535},"end":{"line":1,"column":4541}},"137":{"start":{"line":1,"column":4542},"end":{"line":1,"column":4556}},"138":{"start":{"line":1,"column":4548},"end":{"line":1,"column":4556}},"139":{"start":{"line":1,"column":4572},"end":{"line":1,"column":4740}},"140":{"start":{"line":1,"column":4811},"end":{"line":1,"column":4821}},"141":{"start":{"line":1,"column":4822},"end":{"line":1,"column":5116}},"142":{"start":{"line":1,"column":4893},"end":{"line":1,"column":4898}},"143":{"start":{"line":1,"column":4901},"end":{"line":1,"column":5028}},"144":{"start":{"line":1,"column":4924},"end":{"line":1,"column":4933}},"145":{"start":{"line":1,"column":4934},"end":{"line":1,"column":4955}},"146":{"start":{"line":1,"column":4939},"end":{"line":1,"column":4955}},"147":{"start":{"line":1,"column":4984},"end":{"line":1,"column":4988}},"148":{"start":{"line":1,"column":5029},"end":{"line":1,"column":5113}},"149":{"start":{"line":1,"column":5138},"end":{"line":1,"column":5141}},"150":{"start":{"line":1,"column":5142},"end":{"line":1,"column":5167}},"151":{"start":{"line":1,"column":5182},"end":{"line":1,"column":5217}},"152":{"start":{"line":1,"column":5247},"end":{"line":1,"column":5286}},"153":{"start":{"line":1,"column":5251},"end":{"line":1,"column":5278}},"154":{"start":{"line":1,"column":5329},"end":{"line":1,"column":5333}},"155":{"start":{"line":1,"column":5334},"end":{"line":1,"column":5365}},"156":{"start":{"line":1,"column":5338},"end":{"line":1,"column":5357}},"157":{"start":{"line":1,"column":5381},"end":{"line":1,"column":5442}},"158":{"start":{"line":1,"column":5459},"end":{"line":1,"column":5521}},"159":{"start":{"line":1,"column":5525},"end":{"line":1,"column":5540}},"160":{"start":{"line":1,"column":5544},"end":{"line":1,"column":5564}},"161":{"start":{"line":1,"column":5568},"end":{"line":1,"column":5586}},"162":{"start":{"line":1,"column":5590},"end":{"line":1,"column":5608}},"163":{"start":{"line":1,"column":5612},"end":{"line":1,"column":5631}},"164":{"start":{"line":1,"column":5634},"end":{"line":1,"column":5653}},"165":{"start":{"line":1,"column":5656},"end":{"line":1,"column":5678}},"166":{"start":{"line":1,"column":5681},"end":{"line":1,"column":5731}},"167":{"start":{"line":1,"column":5735},"end":{"line":1,"column":5750}},"168":{"start":{"line":1,"column":5766},"end":{"line":1,"column":5795}},"169":{"start":{"line":1,"column":5786},"end":{"line":1,"column":5795}},"170":{"start":{"line":1,"column":5801},"end":{"line":1,"column":5817}},"171":{"start":{"line":1,"column":5818},"end":{"line":1,"column":5905}},"172":{"start":{"line":1,"column":5833},"end":{"line":1,"column":5870}},"173":{"start":{"line":1,"column":5871},"end":{"line":1,"column":5904}},"174":{"start":{"line":1,"column":5905},"end":{"line":1,"column":5924}},"175":{"start":{"line":1,"column":5939},"end":{"line":1,"column":5974}},"176":{"start":{"line":1,"column":5991},"end":{"line":1,"column":6035}},"177":{"start":{"line":1,"column":6045},"end":{"line":1,"column":6062}},"178":{"start":{"line":1,"column":6084},"end":{"line":1,"column":6112}},"179":{"start":{"line":1,"column":6113},"end":{"line":1,"column":6165}},"180":{"start":{"line":1,"column":6183},"end":{"line":1,"column":6274}},"181":{"start":{"line":1,"column":6199},"end":{"line":1,"column":6266}},"182":{"start":{"line":1,"column":6257},"end":{"line":1,"column":6266}},"183":{"start":{"line":1,"column":6266},"end":{"line":1,"column":6273}},"184":{"start":{"line":1,"column":6300},"end":{"line":1,"column":6482}},"185":{"start":{"line":1,"column":6304},"end":{"line":1,"column":6474}},"186":{"start":{"line":1,"column":6417},"end":{"line":1,"column":6449}},"187":{"start":{"line":1,"column":6450},"end":{"line":1,"column":6473}},"188":{"start":{"line":1,"column":6490},"end":{"line":1,"column":6540}},"189":{"start":{"line":1,"column":6543},"end":{"line":1,"column":6624}},"190":{"start":{"line":1,"column":6627},"end":{"line":1,"column":6685}},"191":{"start":{"line":1,"column":6686},"end":{"line":1,"column":6730}},"192":{"start":{"line":1,"column":6752},"end":{"line":1,"column":6756}},"193":{"start":{"line":1,"column":6759},"end":{"line":1,"column":6763}},"194":{"start":{"line":1,"column":6766},"end":{"line":1,"column":6770}},"195":{"start":{"line":1,"column":6773},"end":{"line":1,"column":6777}},"196":{"start":{"line":1,"column":6780},"end":{"line":1,"column":6784}},"197":{"start":{"line":1,"column":6787},"end":{"line":1,"column":6791}},"198":{"start":{"line":1,"column":6794},"end":{"line":1,"column":6795}},"199":{"start":{"line":1,"column":6796},"end":{"line":1,"column":7033}},"200":{"start":{"line":1,"column":6834},"end":{"line":1,"column":7033}},"201":{"start":{"line":1,"column":7047},"end":{"line":1,"column":7130}},"202":{"start":{"line":1,"column":7075},"end":{"line":1,"column":7084}},"203":{"start":{"line":1,"column":7106},"end":{"line":1,"column":7115}},"204":{"start":{"line":1,"column":7123},"end":{"line":1,"column":7129}},"205":{"start":{"line":1,"column":7131},"end":{"line":1,"column":7250}},"206":{"start":{"line":1,"column":7274},"end":{"line":1,"column":7279}},"207":{"start":{"line":1,"column":7286},"end":{"line":1,"column":7288}},"208":{"start":{"line":1,"column":7302},"end":{"line":1,"column":7321}},"209":{"start":{"line":1,"column":7319},"end":{"line":1,"column":7320}},"210":{"start":{"line":1,"column":7336},"end":{"line":1,"column":7349}},"211":{"start":{"line":1,"column":7370},"end":{"line":1,"column":7425}},"212":{"start":{"line":1,"column":7393},"end":{"line":1,"column":7423}},"213":{"start":{"line":1,"column":7426},"end":{"line":1,"column":7460}},"214":{"start":{"line":1,"column":7470},"end":{"line":1,"column":7480}},"215":{"start":{"line":1,"column":7520},"end":{"line":1,"column":7526}},"216":{"start":{"line":1,"column":7552},"end":{"line":1,"column":7568}},"217":{"start":{"line":1,"column":7568},"end":{"line":1,"column":7790}},"218":{"start":{"line":1,"column":7580},"end":{"line":1,"column":7675}},"219":{"start":{"line":1,"column":7676},"end":{"line":1,"column":7694}},"220":{"start":{"line":1,"column":7685},"end":{"line":1,"column":7694}},"221":{"start":{"line":1,"column":7702},"end":{"line":1,"column":7731}},"222":{"start":{"line":1,"column":7732},"end":{"line":1,"column":7774}},"223":{"start":{"line":1,"column":7781},"end":{"line":1,"column":7789}},"224":{"start":{"line":1,"column":7791},"end":{"line":1,"column":7818}},"225":{"start":{"line":1,"column":7838},"end":{"line":1,"column":8013}},"226":{"start":{"line":1,"column":8053},"end":{"line":1,"column":8058}},"227":{"start":{"line":1,"column":8061},"end":{"line":1,"column":8086}},"228":{"start":{"line":1,"column":8089},"end":{"line":1,"column":8104}},"229":{"start":{"line":1,"column":8105},"end":{"line":1,"column":8166}},"230":{"start":{"line":1,"column":8115},"end":{"line":1,"column":8116}},"231":{"start":{"line":1,"column":8136},"end":{"line":1,"column":8166}},"232":{"start":{"line":1,"column":8166},"end":{"line":1,"column":8174}},"233":{"start":{"line":1,"column":8184},"end":{"line":1,"column":8250}},"234":{"start":{"line":1,"column":8266},"end":{"line":1,"column":8307}},"235":{"start":{"line":1,"column":8313},"end":{"line":1,"column":8315}},"236":{"start":{"line":1,"column":8318},"end":{"line":1,"column":8319}},"237":{"start":{"line":1,"column":8322},"end":{"line":1,"column":8323}},"238":{"start":{"line":1,"column":8324},"end":{"line":1,"column":8506}},"239":{"start":{"line":1,"column":8334},"end":{"line":1,"column":8335}},"240":{"start":{"line":1,"column":8351},"end":{"line":1,"column":8506}},"241":{"start":{"line":1,"column":8506},"end":{"line":1,"column":8638}},"242":{"start":{"line":1,"column":8648},"end":{"line":1,"column":8650}},"243":{"start":{"line":1,"column":8654},"end":{"line":1,"column":8656}},"244":{"start":{"line":1,"column":8660},"end":{"line":1,"column":8662}},"245":{"start":{"line":1,"column":8666},"end":{"line":1,"column":8668}},"246":{"start":{"line":1,"column":8672},"end":{"line":1,"column":8674}},"247":{"start":{"line":1,"column":8678},"end":{"line":1,"column":8680}},"248":{"start":{"line":1,"column":8698},"end":{"line":1,"column":8735}},"249":{"start":{"line":1,"column":8720},"end":{"line":1,"column":8735}},"250":{"start":{"line":1,"column":8735},"end":{"line":1,"column":8803}},"251":{"start":{"line":1,"column":8770},"end":{"line":1,"column":8803}},"252":{"start":{"line":1,"column":8811},"end":{"line":1,"column":8812}},"253":{"start":{"line":1,"column":8815},"end":{"line":1,"column":8830}},"254":{"start":{"line":1,"column":8850},"end":{"line":1,"column":8867}},"255":{"start":{"line":1,"column":8860},"end":{"line":1,"column":8867}},"256":{"start":{"line":1,"column":8867},"end":{"line":1,"column":8888}},"257":{"start":{"line":1,"column":8877},"end":{"line":1,"column":8888}},"258":{"start":{"line":1,"column":8888},"end":{"line":1,"column":8909}},"259":{"start":{"line":1,"column":8898},"end":{"line":1,"column":8909}},"260":{"start":{"line":1,"column":8909},"end":{"line":1,"column":8930}},"261":{"start":{"line":1,"column":8919},"end":{"line":1,"column":8930}},"262":{"start":{"line":1,"column":8930},"end":{"line":1,"column":8949}},"263":{"start":{"line":1,"column":8940},"end":{"line":1,"column":8949}},"264":{"start":{"line":1,"column":8949},"end":{"line":1,"column":8987}},"265":{"start":{"line":1,"column":8954},"end":{"line":1,"column":8987}},"266":{"start":{"line":1,"column":8987},"end":{"line":1,"column":9009}},"267":{"start":{"line":1,"column":8997},"end":{"line":1,"column":9009}},"268":{"start":{"line":1,"column":9017},"end":{"line":1,"column":9021}},"269":{"start":{"line":1,"column":9022},"end":{"line":1,"column":10143}},"270":{"start":{"line":1,"column":9048},"end":{"line":1,"column":9055}},"271":{"start":{"line":1,"column":9060},"end":{"line":1,"column":10143}},"272":{"start":{"line":1,"column":9080},"end":{"line":1,"column":10078}},"273":{"start":{"line":1,"column":9114},"end":{"line":1,"column":9118}},"274":{"start":{"line":1,"column":9121},"end":{"line":1,"column":9140}},"275":{"start":{"line":1,"column":9141},"end":{"line":1,"column":9169}},"276":{"start":{"line":1,"column":9146},"end":{"line":1,"column":9169}},"277":{"start":{"line":1,"column":9169},"end":{"line":1,"column":9974}},"278":{"start":{"line":1,"column":9190},"end":{"line":1,"column":9210}},"279":{"start":{"line":1,"column":9210},"end":{"line":1,"column":9216}},"280":{"start":{"line":1,"column":9234},"end":{"line":1,"column":9241}},"281":{"start":{"line":1,"column":9242},"end":{"line":1,"column":9249}},"282":{"start":{"line":1,"column":9249},"end":{"line":1,"column":9292}},"283":{"start":{"line":1,"column":9259},"end":{"line":1,"column":9260}},"284":{"start":{"line":1,"column":9277},"end":{"line":1,"column":9292}},"285":{"start":{"line":1,"column":9292},"end":{"line":1,"column":9298}},"286":{"start":{"line":1,"column":9316},"end":{"line":1,"column":9323}},"287":{"start":{"line":1,"column":9324},"end":{"line":1,"column":9331}},"288":{"start":{"line":1,"column":9331},"end":{"line":1,"column":9384}},"289":{"start":{"line":1,"column":9341},"end":{"line":1,"column":9342}},"290":{"start":{"line":1,"column":9359},"end":{"line":1,"column":9384}},"291":{"start":{"line":1,"column":9384},"end":{"line":1,"column":9390}},"292":{"start":{"line":1,"column":9403},"end":{"line":1,"column":9430}},"293":{"start":{"line":1,"column":9430},"end":{"line":1,"column":9436}},"294":{"start":{"line":1,"column":9449},"end":{"line":1,"column":9467}},"295":{"start":{"line":1,"column":9467},"end":{"line":1,"column":9473}},"296":{"start":{"line":1,"column":9486},"end":{"line":1,"column":9504}},"297":{"start":{"line":1,"column":9504},"end":{"line":1,"column":9510}},"298":{"start":{"line":1,"column":9529},"end":{"line":1,"column":9548}},"299":{"start":{"line":1,"column":9549},"end":{"line":1,"column":9556}},"300":{"start":{"line":1,"column":9556},"end":{"line":1,"column":9602}},"301":{"start":{"line":1,"column":9566},"end":{"line":1,"column":9567}},"302":{"start":{"line":1,"column":9584},"end":{"line":1,"column":9602}},"303":{"start":{"line":1,"column":9602},"end":{"line":1,"column":9608}},"304":{"start":{"line":1,"column":9823},"end":{"line":1,"column":9836}},"305":{"start":{"line":1,"column":9839},"end":{"line":1,"column":9843}},"306":{"start":{"line":1,"column":9846},"end":{"line":1,"column":9851}},"307":{"start":{"line":1,"column":9854},"end":{"line":1,"column":9862}},"308":{"start":{"line":1,"column":9863},"end":{"line":1,"column":9870}},"309":{"start":{"line":1,"column":9870},"end":{"line":1,"column":9875}},"310":{"start":{"line":1,"column":9903},"end":{"line":1,"column":9907}},"311":{"start":{"line":1,"column":9910},"end":{"line":1,"column":9915}},"312":{"start":{"line":1,"column":9916},"end":{"line":1,"column":9923}},"313":{"start":{"line":1,"column":9923},"end":{"line":1,"column":9928}},"314":{"start":{"line":1,"column":9937},"end":{"line":1,"column":9973}},"315":{"start":{"line":1,"column":9988},"end":{"line":1,"column":10007}},"316":{"start":{"line":1,"column":10008},"end":{"line":1,"column":10015}},"317":{"start":{"line":1,"column":10015},"end":{"line":1,"column":10077}},"318":{"start":{"line":1,"column":10025},"end":{"line":1,"column":10026}},"319":{"start":{"line":1,"column":10052},"end":{"line":1,"column":10056}},"320":{"start":{"line":1,"column":10057},"end":{"line":1,"column":10076}},"321":{"start":{"line":1,"column":10091},"end":{"line":1,"column":10093}},"322":{"start":{"line":1,"column":10094},"end":{"line":1,"column":10101}},"323":{"start":{"line":1,"column":10101},"end":{"line":1,"column":10142}},"324":{"start":{"line":1,"column":10127},"end":{"line":1,"column":10131}},"325":{"start":{"line":1,"column":10132},"end":{"line":1,"column":10141}},"326":{"start":{"line":1,"column":10143},"end":{"line":1,"column":10154}},"327":{"start":{"line":1,"column":10155},"end":{"line":1,"column":10166}},"328":{"start":{"line":1,"column":10176},"end":{"line":1,"column":10242}},"329":{"start":{"line":1,"column":10243},"end":{"line":1,"column":10251}},"330":{"start":{"line":1,"column":10260},"end":{"line":1,"column":10276}},"331":{"start":{"line":1,"column":10277},"end":{"line":1,"column":10285}},"332":{"start":{"line":1,"column":10300},"end":{"line":1,"column":10327}},"333":{"start":{"line":1,"column":10319},"end":{"line":1,"column":10326}},"334":{"start":{"line":1,"column":10354},"end":{"line":1,"column":10456}},"335":{"start":{"line":1,"column":10468},"end":{"line":1,"column":10500}},"336":{"start":{"line":1,"column":10528},"end":{"line":1,"column":10557}},"337":{"start":{"line":1,"column":10601},"end":{"line":1,"column":10635}},"338":{"start":{"line":1,"column":10646},"end":{"line":1,"column":10671}},"339":{"start":{"line":1,"column":10675},"end":{"line":1,"column":10703}},"340":{"start":{"line":1,"column":10719},"end":{"line":1,"column":10771}},"341":{"start":{"line":1,"column":10787},"end":{"line":1,"column":10833}},"342":{"start":{"line":1,"column":10854},"end":{"line":1,"column":10927}},"343":{"start":{"line":1,"column":10971},"end":{"line":1,"column":12238}},"344":{"start":{"line":1,"column":11152},"end":{"line":1,"column":11169}},"345":{"start":{"line":1,"column":11169},"end":{"line":1,"column":11188}},"346":{"start":{"line":1,"column":11188},"end":{"line":1,"column":11207}},"347":{"start":{"line":1,"column":11207},"end":{"line":1,"column":11224}},"348":{"start":{"line":1,"column":11224},"end":{"line":1,"column":11248}},"349":{"start":{"line":1,"column":11248},"end":{"line":1,"column":11265}},"350":{"start":{"line":1,"column":11265},"end":{"line":1,"column":11282}},"351":{"start":{"line":1,"column":11282},"end":{"line":1,"column":11326}},"352":{"start":{"line":1,"column":11338},"end":{"line":1,"column":11358}},"353":{"start":{"line":1,"column":11371},"end":{"line":1,"column":11386}},"354":{"start":{"line":1,"column":11398},"end":{"line":1,"column":11418}},"355":{"start":{"line":1,"column":11431},"end":{"line":1,"column":11446}},"356":{"start":{"line":1,"column":11459},"end":{"line":1,"column":11479}},"357":{"start":{"line":1,"column":11493},"end":{"line":1,"column":11508}},"358":{"start":{"line":1,"column":11522},"end":{"line":1,"column":11542}},"359":{"start":{"line":1,"column":11557},"end":{"line":1,"column":11572}},"360":{"start":{"line":1,"column":11585},"end":{"line":1,"column":11605}},"361":{"start":{"line":1,"column":11619},"end":{"line":1,"column":11634}},"362":{"start":{"line":1,"column":11647},"end":{"line":1,"column":11667}},"363":{"start":{"line":1,"column":11681},"end":{"line":1,"column":11696}},"364":{"start":{"line":1,"column":11710},"end":{"line":1,"column":11730}},"365":{"start":{"line":1,"column":11745},"end":{"line":1,"column":11760}},"366":{"start":{"line":1,"column":11771},"end":{"line":1,"column":11791}},"367":{"start":{"line":1,"column":11803},"end":{"line":1,"column":11818}},"368":{"start":{"line":1,"column":11974},"end":{"line":1,"column":11992}},"369":{"start":{"line":1,"column":12007},"end":{"line":1,"column":12027}},"370":{"start":{"line":1,"column":12043},"end":{"line":1,"column":12058}},"371":{"start":{"line":1,"column":12110},"end":{"line":1,"column":12126}},"372":{"start":{"line":1,"column":12141},"end":{"line":1,"column":12161}},"373":{"start":{"line":1,"column":12177},"end":{"line":1,"column":12192}},"374":{"start":{"line":1,"column":12223},"end":{"line":1,"column":12236}},"375":{"start":{"line":1,"column":12253},"end":{"line":1,"column":12271}},"376":{"start":{"line":1,"column":12281},"end":{"line":1,"column":12295}},"377":{"start":{"line":1,"column":12299},"end":{"line":1,"column":12317}},"378":{"start":{"line":1,"column":12333},"end":{"line":1,"column":12406}},"379":{"start":{"line":1,"column":12416},"end":{"line":1,"column":12468}},"380":{"start":{"line":1,"column":12471},"end":{"line":1,"column":12481}},"381":{"start":{"line":1,"column":12485},"end":{"line":1,"column":12495}},"382":{"start":{"line":1,"column":12498},"end":{"line":1,"column":12555}},"383":{"start":{"line":1,"column":12571},"end":{"line":1,"column":12580}},"384":{"start":{"line":1,"column":12604},"end":{"line":1,"column":12607}},"385":{"start":{"line":1,"column":12608},"end":{"line":1,"column":12636}},"386":{"start":{"line":1,"column":12619},"end":{"line":1,"column":12636}},"387":{"start":{"line":1,"column":12636},"end":{"line":1,"column":12670}},"388":{"start":{"line":1,"column":12653},"end":{"line":1,"column":12670}},"389":{"start":{"line":1,"column":12685},"end":{"line":1,"column":12732}},"390":{"start":{"line":1,"column":12753},"end":{"line":1,"column":12867}},"391":{"start":{"line":1,"column":12793},"end":{"line":1,"column":12846}},"392":{"start":{"line":1,"column":12847},"end":{"line":1,"column":12866}},"393":{"start":{"line":1,"column":12912},"end":{"line":1,"column":12914}},"394":{"start":{"line":1,"column":12918},"end":{"line":1,"column":12920}},"395":{"start":{"line":1,"column":12927},"end":{"line":1,"column":12931}},"396":{"start":{"line":1,"column":12941},"end":{"line":1,"column":12948}},"397":{"start":{"line":1,"column":12952},"end":{"line":1,"column":12959}},"398":{"start":{"line":1,"column":12963},"end":{"line":1,"column":12970}},"399":{"start":{"line":1,"column":12973},"end":{"line":1,"column":12980}},"400":{"start":{"line":1,"column":12987},"end":{"line":1,"column":13018}},"401":{"start":{"line":1,"column":13022},"end":{"line":1,"column":13024}},"402":{"start":{"line":1,"column":13028},"end":{"line":1,"column":13030}},"403":{"start":{"line":1,"column":13034},"end":{"line":1,"column":13036}},"404":{"start":{"line":1,"column":13040},"end":{"line":1,"column":13042}},"405":{"start":{"line":1,"column":13045},"end":{"line":1,"column":13047}},"406":{"start":{"line":1,"column":13051},"end":{"line":1,"column":13053}},"407":{"start":{"line":1,"column":13057},"end":{"line":1,"column":13059}},"408":{"start":{"line":1,"column":13077},"end":{"line":1,"column":13084}},"409":{"start":{"line":1,"column":13122},"end":{"line":1,"column":13468}},"410":{"start":{"line":1,"column":13476},"end":{"line":1,"column":13480}},"411":{"start":{"line":1,"column":13481},"end":{"line":1,"column":13657}},"412":{"start":{"line":1,"column":13672},"end":{"line":1,"column":13689}},"413":{"start":{"line":1,"column":13705},"end":{"line":1,"column":13831}},"414":{"start":{"line":1,"column":13716},"end":{"line":1,"column":13741}},"415":{"start":{"line":1,"column":13768},"end":{"line":1,"column":13828}},"416":{"start":{"line":1,"column":13853},"end":{"line":1,"column":13955}},"417":{"start":{"line":1,"column":13896},"end":{"line":1,"column":13953}},"418":{"start":{"line":1,"column":13970},"end":{"line":1,"column":14000}},"419":{"start":{"line":1,"column":14028},"end":{"line":1,"column":14252}},"420":{"start":{"line":1,"column":14186},"end":{"line":1,"column":14249}},"421":{"start":{"line":1,"column":14274},"end":{"line":1,"column":14444}},"422":{"start":{"line":1,"column":14315},"end":{"line":1,"column":14317}},"423":{"start":{"line":1,"column":14318},"end":{"line":1,"column":14443}},"424":{"start":{"line":1,"column":14384},"end":{"line":1,"column":14440}},"425":{"start":{"line":1,"column":14444},"end":{"line":1,"column":14460}},"426":{"start":{"line":1,"column":14496},"end":{"line":1,"column":14535}},"427":{"start":{"line":1,"column":14536},"end":{"line":1,"column":14609}},"428":{"start":{"line":1,"column":14586},"end":{"line":1,"column":14607}},"429":{"start":{"line":1,"column":14635},"end":{"line":1,"column":14645}},"430":{"start":{"line":1,"column":14653},"end":{"line":1,"column":14700}},"431":{"start":{"line":1,"column":14701},"end":{"line":1,"column":15033}},"432":{"start":{"line":1,"column":14851},"end":{"line":1,"column":15013}},"433":{"start":{"line":1,"column":15014},"end":{"line":1,"column":15032}},"434":{"start":{"line":1,"column":15027},"end":{"line":1,"column":15031}},"435":{"start":{"line":1,"column":15033},"end":{"line":1,"column":15038}},"436":{"start":{"line":1,"column":15116},"end":{"line":1,"column":15123}},"437":{"start":{"line":1,"column":15124},"end":{"line":1,"column":15247}},"438":{"start":{"line":1,"column":15167},"end":{"line":1,"column":15178}},"439":{"start":{"line":1,"column":15183},"end":{"line":1,"column":15247}},"440":{"start":{"line":1,"column":15200},"end":{"line":1,"column":15247}},"441":{"start":{"line":1,"column":15247},"end":{"line":1,"column":15293}},"442":{"start":{"line":1,"column":15301},"end":{"line":1,"column":15427}},"443":{"start":{"line":1,"column":15397},"end":{"line":1,"column":15413}},"444":{"start":{"line":1,"column":15428},"end":{"line":1,"column":15457}},"445":{"start":{"line":1,"column":15463},"end":{"line":1,"column":15465}},"446":{"start":{"line":1,"column":15468},"end":{"line":1,"column":15470}},"447":{"start":{"line":1,"column":15473},"end":{"line":1,"column":15474}},"448":{"start":{"line":1,"column":15475},"end":{"line":1,"column":15672}},"449":{"start":{"line":1,"column":15485},"end":{"line":1,"column":15486}},"450":{"start":{"line":1,"column":15538},"end":{"line":1,"column":15542}},"451":{"start":{"line":1,"column":15545},"end":{"line":1,"column":15556}},"452":{"start":{"line":1,"column":15557},"end":{"line":1,"column":15671}},"453":{"start":{"line":1,"column":15672},"end":{"line":1,"column":15885}},"454":{"start":{"line":1,"column":15983},"end":{"line":1,"column":15987}},"455":{"start":{"line":1,"column":15990},"end":{"line":1,"column":15992}},"456":{"start":{"line":1,"column":16001},"end":{"line":1,"column":16086}},"457":{"start":{"line":1,"column":16089},"end":{"line":1,"column":16098}},"458":{"start":{"line":1,"column":16099},"end":{"line":1,"column":17027}},"459":{"start":{"line":1,"column":16139},"end":{"line":1,"column":16222}},"460":{"start":{"line":1,"column":16154},"end":{"line":1,"column":16221}},"461":{"start":{"line":1,"column":16186},"end":{"line":1,"column":16198}},"462":{"start":{"line":1,"column":16199},"end":{"line":1,"column":16220}},"463":{"start":{"line":1,"column":16231},"end":{"line":1,"column":16982}},"464":{"start":{"line":1,"column":16263},"end":{"line":1,"column":16283}},"465":{"start":{"line":1,"column":16319},"end":{"line":1,"column":16342}},"466":{"start":{"line":1,"column":16395},"end":{"line":1,"column":16408}},"467":{"start":{"line":1,"column":16414},"end":{"line":1,"column":16439}},"468":{"start":{"line":1,"column":16466},"end":{"line":1,"column":16809}},"469":{"start":{"line":1,"column":16837},"end":{"line":1,"column":16846}},"470":{"start":{"line":1,"column":16847},"end":{"line":1,"column":16868}},"471":{"start":{"line":1,"column":16907},"end":{"line":1,"column":16934}},"472":{"start":{"line":1,"column":16947},"end":{"line":1,"column":16952}},"473":{"start":{"line":1,"column":16952},"end":{"line":1,"column":16980}},"474":{"start":{"line":1,"column":16956},"end":{"line":1,"column":16966}},"475":{"start":{"line":1,"column":16975},"end":{"line":1,"column":16979}},"476":{"start":{"line":1,"column":16983},"end":{"line":1,"column":17026}},"477":{"start":{"line":1,"column":17027},"end":{"line":1,"column":17249}},"478":{"start":{"line":1,"column":17275},"end":{"line":1,"column":17303}},"479":{"start":{"line":1,"column":17312},"end":{"line":1,"column":17324}},"480":{"start":{"line":1,"column":17325},"end":{"line":1,"column":17380}},"481":{"start":{"line":1,"column":17388},"end":{"line":1,"column":17413}},"482":{"start":{"line":1,"column":17414},"end":{"line":1,"column":17442}},"483":{"start":{"line":1,"column":17468},"end":{"line":1,"column":17483}},"484":{"start":{"line":1,"column":17474},"end":{"line":1,"column":17483}},"485":{"start":{"line":1,"column":17483},"end":{"line":1,"column":17498}},"486":{"start":{"line":1,"column":17489},"end":{"line":1,"column":17498}},"487":{"start":{"line":1,"column":17498},"end":{"line":1,"column":17544}},"488":{"start":{"line":1,"column":17535},"end":{"line":1,"column":17544}},"489":{"start":{"line":1,"column":17544},"end":{"line":1,"column":17596}},"490":{"start":{"line":1,"column":17575},"end":{"line":1,"column":17596}},"491":{"start":{"line":1,"column":17587},"end":{"line":1,"column":17596}},"492":{"start":{"line":1,"column":17596},"end":{"line":1,"column":17651}},"493":{"start":{"line":1,"column":17620},"end":{"line":1,"column":17651}},"494":{"start":{"line":1,"column":17642},"end":{"line":1,"column":17651}},"495":{"start":{"line":1,"column":17651},"end":{"line":1,"column":17719}},"496":{"start":{"line":1,"column":17681},"end":{"line":1,"column":17719}},"497":{"start":{"line":1,"column":17695},"end":{"line":1,"column":17708}},"498":{"start":{"line":1,"column":17710},"end":{"line":1,"column":17719}},"499":{"start":{"line":1,"column":17719},"end":{"line":1,"column":17727}},"500":{"start":{"line":1,"column":17745},"end":{"line":1,"column":17831}},"501":{"start":{"line":1,"column":17849},"end":{"line":1,"column":17893}},"502":{"start":{"line":1,"column":17855},"end":{"line":1,"column":17893}},"503":{"start":{"line":1,"column":17901},"end":{"line":1,"column":17961}},"504":{"start":{"line":1,"column":17962},"end":{"line":1,"column":18106}},"505":{"start":{"line":1,"column":17988},"end":{"line":1,"column":18012}},"506":{"start":{"line":1,"column":18015},"end":{"line":1,"column":18039}},"507":{"start":{"line":1,"column":18040},"end":{"line":1,"column":18105}},"508":{"start":{"line":1,"column":18051},"end":{"line":1,"column":18064}},"509":{"start":{"line":1,"column":18078},"end":{"line":1,"column":18091}},"510":{"start":{"line":1,"column":18106},"end":{"line":1,"column":18114}},"511":{"start":{"line":1,"column":18161},"end":{"line":1,"column":18266}},"512":{"start":{"line":1,"column":18341},"end":{"line":1,"column":18405}},"513":{"start":{"line":1,"column":18370},"end":{"line":1,"column":18405}},"514":{"start":{"line":1,"column":18438},"end":{"line":1,"column":18439}},"515":{"start":{"line":1,"column":18442},"end":{"line":1,"column":18450}},"516":{"start":{"line":1,"column":18451},"end":{"line":1,"column":18548}},"517":{"start":{"line":1,"column":18464},"end":{"line":1,"column":18496}},"518":{"start":{"line":1,"column":18511},"end":{"line":1,"column":18546}},"519":{"start":{"line":1,"column":18554},"end":{"line":1,"column":18558}},"520":{"start":{"line":1,"column":18567},"end":{"line":1,"column":18589}},"521":{"start":{"line":1,"column":18592},"end":{"line":1,"column":18620}},"522":{"start":{"line":1,"column":18623},"end":{"line":1,"column":18634}},"523":{"start":{"line":1,"column":18641},"end":{"line":1,"column":18643}},"524":{"start":{"line":1,"column":18652},"end":{"line":1,"column":18816}},"525":{"start":{"line":1,"column":18680},"end":{"line":1,"column":18691}},"526":{"start":{"line":1,"column":18694},"end":{"line":1,"column":18795}},"527":{"start":{"line":1,"column":18796},"end":{"line":1,"column":18814}},"528":{"start":{"line":1,"column":18817},"end":{"line":1,"column":19041}},"529":{"start":{"line":1,"column":18837},"end":{"line":1,"column":19009}},"530":{"start":{"line":1,"column":18841},"end":{"line":1,"column":18856}},"531":{"start":{"line":1,"column":18874},"end":{"line":1,"column":18914}},"532":{"start":{"line":1,"column":18915},"end":{"line":1,"column":19008}},"533":{"start":{"line":1,"column":19009},"end":{"line":1,"column":19040}},"534":{"start":{"line":1,"column":19032},"end":{"line":1,"column":19040}},"535":{"start":{"line":1,"column":19049},"end":{"line":1,"column":19071}},"536":{"start":{"line":1,"column":19078},"end":{"line":1,"column":19080}},"537":{"start":{"line":1,"column":19089},"end":{"line":1,"column":19614}},"538":{"start":{"line":1,"column":19115},"end":{"line":1,"column":19128}},"539":{"start":{"line":1,"column":19121},"end":{"line":1,"column":19128}},"540":{"start":{"line":1,"column":19136},"end":{"line":1,"column":19147}},"541":{"start":{"line":1,"column":19150},"end":{"line":1,"column":19169}},"542":{"start":{"line":1,"column":19170},"end":{"line":1,"column":19292}},"543":{"start":{"line":1,"column":19283},"end":{"line":1,"column":19292}},"544":{"start":{"line":1,"column":19292},"end":{"line":1,"column":19342}},"545":{"start":{"line":1,"column":19334},"end":{"line":1,"column":19342}},"546":{"start":{"line":1,"column":19342},"end":{"line":1,"column":19612}},"547":{"start":{"line":1,"column":19421},"end":{"line":1,"column":19423}},"548":{"start":{"line":1,"column":19424},"end":{"line":1,"column":19504}},"549":{"start":{"line":1,"column":19435},"end":{"line":1,"column":19436}},"550":{"start":{"line":1,"column":19448},"end":{"line":1,"column":19504}},"551":{"start":{"line":1,"column":19504},"end":{"line":1,"column":19513}},"552":{"start":{"line":1,"column":19615},"end":{"line":1,"column":19648}},"553":{"start":{"line":1,"column":19632},"end":{"line":1,"column":19648}},"554":{"start":{"line":1,"column":19656},"end":{"line":1,"column":19658}},"555":{"start":{"line":1,"column":19659},"end":{"line":1,"column":20256}},"556":{"start":{"line":1,"column":19669},"end":{"line":1,"column":19670}},"557":{"start":{"line":1,"column":19687},"end":{"line":1,"column":20256}},"558":{"start":{"line":1,"column":19695},"end":{"line":1,"column":20236}},"559":{"start":{"line":1,"column":19699},"end":{"line":1,"column":19717}},"560":{"start":{"line":1,"column":19727},"end":{"line":1,"column":19790}},"561":{"start":{"line":1,"column":19746},"end":{"line":1,"column":19790}},"562":{"start":{"line":1,"column":19790},"end":{"line":1,"column":19888}},"563":{"start":{"line":1,"column":19802},"end":{"line":1,"column":19888}},"564":{"start":{"line":1,"column":19894},"end":{"line":1,"column":19899}},"565":{"start":{"line":1,"column":19902},"end":{"line":1,"column":20092}},"566":{"start":{"line":1,"column":19928},"end":{"line":1,"column":19952}},"567":{"start":{"line":1,"column":19957},"end":{"line":1,"column":20092}},"568":{"start":{"line":1,"column":19976},"end":{"line":1,"column":19985}},"569":{"start":{"line":1,"column":19990},"end":{"line":1,"column":20046}},"570":{"start":{"line":1,"column":20017},"end":{"line":1,"column":20046}},"571":{"start":{"line":1,"column":20046},"end":{"line":1,"column":20091}},"572":{"start":{"line":1,"column":20100},"end":{"line":1,"column":20115}},"573":{"start":{"line":1,"column":20116},"end":{"line":1,"column":20235}},"574":{"start":{"line":1,"column":20241},"end":{"line":1,"column":20256}},"575":{"start":{"line":1,"column":20256},"end":{"line":1,"column":20341}},"576":{"start":{"line":1,"column":20367},"end":{"line":1,"column":20519}},"577":{"start":{"line":1,"column":20377},"end":{"line":1,"column":20519}},"578":{"start":{"line":1,"column":20392},"end":{"line":1,"column":20393}},"579":{"start":{"line":1,"column":20394},"end":{"line":1,"column":20411}},"580":{"start":{"line":1,"column":20406},"end":{"line":1,"column":20411}},"581":{"start":{"line":1,"column":20411},"end":{"line":1,"column":20518}},"582":{"start":{"line":1,"column":20415},"end":{"line":1,"column":20502}},"583":{"start":{"line":1,"column":20509},"end":{"line":1,"column":20517}},"584":{"start":{"line":1,"column":20580},"end":{"line":1,"column":20582}},"585":{"start":{"line":1,"column":20589},"end":{"line":1,"column":20593}},"586":{"start":{"line":1,"column":20594},"end":{"line":1,"column":20802}},"587":{"start":{"line":1,"column":20619},"end":{"line":1,"column":20802}},"588":{"start":{"line":1,"column":20631},"end":{"line":1,"column":20647}},"589":{"start":{"line":1,"column":20648},"end":{"line":1,"column":20713}},"590":{"start":{"line":1,"column":20705},"end":{"line":1,"column":20713}},"591":{"start":{"line":1,"column":20713},"end":{"line":1,"column":20731}},"592":{"start":{"line":1,"column":20738},"end":{"line":1,"column":20801}},"593":{"start":{"line":1,"column":20802},"end":{"line":1,"column":21135}},"594":{"start":{"line":1,"column":20814},"end":{"line":1,"column":20912}},"595":{"start":{"line":1,"column":20868},"end":{"line":1,"column":20887}},"596":{"start":{"line":1,"column":20915},"end":{"line":1,"column":20979}},"597":{"start":{"line":1,"column":20980},"end":{"line":1,"column":21048}},"598":{"start":{"line":1,"column":21058},"end":{"line":1,"column":21127}},"599":{"start":{"line":1,"column":21077},"end":{"line":1,"column":21127}},"600":{"start":{"line":1,"column":21127},"end":{"line":1,"column":21134}},"601":{"start":{"line":1,"column":21165},"end":{"line":1,"column":21171}},"602":{"start":{"line":1,"column":21172},"end":{"line":1,"column":21202}},"603":{"start":{"line":1,"column":21185},"end":{"line":1,"column":21202}},"604":{"start":{"line":1,"column":21208},"end":{"line":1,"column":21452}},"605":{"start":{"line":1,"column":21220},"end":{"line":1,"column":21403}},"606":{"start":{"line":1,"column":21237},"end":{"line":1,"column":21315}},"607":{"start":{"line":1,"column":21293},"end":{"line":1,"column":21310}},"608":{"start":{"line":1,"column":21316},"end":{"line":1,"column":21391}},"609":{"start":{"line":1,"column":21347},"end":{"line":1,"column":21357}},"610":{"start":{"line":1,"column":21358},"end":{"line":1,"column":21390}},"611":{"start":{"line":1,"column":21391},"end":{"line":1,"column":21399}},"612":{"start":{"line":1,"column":21404},"end":{"line":1,"column":21425}},"613":{"start":{"line":1,"column":21432},"end":{"line":1,"column":21445}},"614":{"start":{"line":1,"column":21445},"end":{"line":1,"column":21451}},"615":{"start":{"line":1,"column":21452},"end":{"line":1,"column":21460}},"616":{"start":{"line":1,"column":21484},"end":{"line":1,"column":21656}},"617":{"start":{"line":1,"column":21515},"end":{"line":1,"column":21526}},"618":{"start":{"line":1,"column":21527},"end":{"line":1,"column":21540}},"619":{"start":{"line":1,"column":21533},"end":{"line":1,"column":21540}},"620":{"start":{"line":1,"column":21548},"end":{"line":1,"column":21553}},"621":{"start":{"line":1,"column":21554},"end":{"line":1,"column":21655}},"622":{"start":{"line":1,"column":21581},"end":{"line":1,"column":21590}},"623":{"start":{"line":1,"column":21591},"end":{"line":1,"column":21654}},"624":{"start":{"line":1,"column":21596},"end":{"line":1,"column":21654}},"625":{"start":{"line":1,"column":21672},"end":{"line":1,"column":21766}},"626":{"start":{"line":1,"column":21782},"end":{"line":1,"column":21840}},"627":{"start":{"line":1,"column":21892},"end":{"line":1,"column":21894}},"628":{"start":{"line":1,"column":21903},"end":{"line":1,"column":21914}},"629":{"start":{"line":1,"column":21915},"end":{"line":1,"column":21950}},"630":{"start":{"line":1,"column":21958},"end":{"line":1,"column":22037}},"631":{"start":{"line":1,"column":21987},"end":{"line":1,"column":22035}},"632":{"start":{"line":1,"column":22038},"end":{"line":1,"column":22077}},"633":{"start":{"line":1,"column":22063},"end":{"line":1,"column":22067}},"634":{"start":{"line":1,"column":22235},"end":{"line":1,"column":22236}},"635":{"start":{"line":1,"column":22237},"end":{"line":1,"column":22241}},"636":{"start":{"line":1,"column":22249},"end":{"line":1,"column":22263}},"637":{"start":{"line":1,"column":22266},"end":{"line":1,"column":22346}},"638":{"start":{"line":1,"column":22347},"end":{"line":1,"column":22378}},"639":{"start":{"line":1,"column":22354},"end":{"line":1,"column":22371}},"640":{"start":{"line":1,"column":22371},"end":{"line":1,"column":22377}},"641":{"start":{"line":1,"column":22386},"end":{"line":1,"column":22387}},"642":{"start":{"line":1,"column":22390},"end":{"line":1,"column":22391}},"643":{"start":{"line":1,"column":22392},"end":{"line":1,"column":22476}},"644":{"start":{"line":1,"column":22482},"end":{"line":1,"column":22496}},"645":{"start":{"line":1,"column":22497},"end":{"line":1,"column":22662}},"646":{"start":{"line":1,"column":22504},"end":{"line":1,"column":22540}},"647":{"start":{"line":1,"column":22522},"end":{"line":1,"column":22540}},"648":{"start":{"line":1,"column":22540},"end":{"line":1,"column":22661}},"649":{"start":{"line":1,"column":22662},"end":{"line":1,"column":22751}},"650":{"start":{"line":1,"column":22699},"end":{"line":1,"column":22751}},"651":{"start":{"line":1,"column":22751},"end":{"line":1,"column":23047}},"652":{"start":{"line":1,"column":22774},"end":{"line":1,"column":22967}},"653":{"start":{"line":1,"column":22783},"end":{"line":1,"column":22906}},"654":{"start":{"line":1,"column":22911},"end":{"line":1,"column":22967}},"655":{"start":{"line":1,"column":22972},"end":{"line":1,"column":23047}},"656":{"start":{"line":1,"column":23047},"end":{"line":1,"column":23282}},"657":{"start":{"line":1,"column":23172},"end":{"line":1,"column":23177}},"658":{"start":{"line":1,"column":23180},"end":{"line":1,"column":23206}},"659":{"start":{"line":1,"column":23207},"end":{"line":1,"column":23281}},"660":{"start":{"line":1,"column":23282},"end":{"line":1,"column":23610}},"661":{"start":{"line":1,"column":23317},"end":{"line":1,"column":23362}},"662":{"start":{"line":1,"column":23370},"end":{"line":1,"column":23456}},"663":{"start":{"line":1,"column":23406},"end":{"line":1,"column":23421}},"664":{"start":{"line":1,"column":23435},"end":{"line":1,"column":23455}},"665":{"start":{"line":1,"column":23457},"end":{"line":1,"column":23553}},"666":{"start":{"line":1,"column":23478},"end":{"line":1,"column":23517}},"667":{"start":{"line":1,"column":23489},"end":{"line":1,"column":23516}},"668":{"start":{"line":1,"column":23503},"end":{"line":1,"column":23514}},"669":{"start":{"line":1,"column":23518},"end":{"line":1,"column":23552}},"670":{"start":{"line":1,"column":23542},"end":{"line":1,"column":23550}},"671":{"start":{"line":1,"column":23553},"end":{"line":1,"column":23592}},"672":{"start":{"line":1,"column":23598},"end":{"line":1,"column":23610}},"673":{"start":{"line":1,"column":23633},"end":{"line":1,"column":23641}},"674":{"start":{"line":1,"column":23642},"end":{"line":1,"column":23653}},"675":{"start":{"line":1,"column":23661},"end":{"line":1,"column":23683}},"676":{"start":{"line":1,"column":23684},"end":{"line":1,"column":23855}},"677":{"start":{"line":1,"column":23699},"end":{"line":1,"column":23799}},"678":{"start":{"line":1,"column":23800},"end":{"line":1,"column":23854}},"679":{"start":{"line":1,"column":23863},"end":{"line":1,"column":23929}},"680":{"start":{"line":1,"column":23930},"end":{"line":1,"column":24100}},"681":{"start":{"line":1,"column":24051},"end":{"line":1,"column":24066}},"682":{"start":{"line":1,"column":24128},"end":{"line":1,"column":24239}},"683":{"start":{"line":1,"column":24264},"end":{"line":1,"column":24370}},"684":{"start":{"line":1,"column":24307},"end":{"line":1,"column":24315}},"685":{"start":{"line":1,"column":24316},"end":{"line":1,"column":24367}},"686":{"start":{"line":1,"column":24350},"end":{"line":1,"column":24362}},"687":{"start":{"line":1,"column":24384},"end":{"line":1,"column":24432}},"688":{"start":{"line":1,"column":24433},"end":{"line":1,"column":24515}},"689":{"start":{"line":1,"column":24523},"end":{"line":1,"column":24653}},"690":{"start":{"line":1,"column":24552},"end":{"line":1,"column":24637}},"691":{"start":{"line":1,"column":24569},"end":{"line":1,"column":24637}},"692":{"start":{"line":1,"column":24684},"end":{"line":1,"column":24691}},"693":{"start":{"line":1,"column":24694},"end":{"line":1,"column":24705}},"694":{"start":{"line":1,"column":24706},"end":{"line":1,"column":24722}},"695":{"start":{"line":1,"column":24715},"end":{"line":1,"column":24722}},"696":{"start":{"line":1,"column":24757},"end":{"line":1,"column":24771}},"697":{"start":{"line":1,"column":24772},"end":{"line":1,"column":24787}},"698":{"start":{"line":1,"column":24780},"end":{"line":1,"column":24787}},"699":{"start":{"line":1,"column":24795},"end":{"line":1,"column":24800}},"700":{"start":{"line":1,"column":24803},"end":{"line":1,"column":24823}},"701":{"start":{"line":1,"column":24824},"end":{"line":1,"column":24957}},"702":{"start":{"line":1,"column":24842},"end":{"line":1,"column":24957}},"703":{"start":{"line":1,"column":24864},"end":{"line":1,"column":24876}},"704":{"start":{"line":1,"column":24884},"end":{"line":1,"column":24898}},"705":{"start":{"line":1,"column":24899},"end":{"line":1,"column":24912}},"706":{"start":{"line":1,"column":24905},"end":{"line":1,"column":24912}},"707":{"start":{"line":1,"column":24912},"end":{"line":1,"column":24917}},"708":{"start":{"line":1,"column":24923},"end":{"line":1,"column":24957}},"709":{"start":{"line":1,"column":24971},"end":{"line":1,"column":24986}},"710":{"start":{"line":1,"column":24986},"end":{"line":1,"column":25193}},"711":{"start":{"line":1,"column":25061},"end":{"line":1,"column":25075}},"712":{"start":{"line":1,"column":25076},"end":{"line":1,"column":25093}},"713":{"start":{"line":1,"column":25084},"end":{"line":1,"column":25093}},"714":{"start":{"line":1,"column":25101},"end":{"line":1,"column":25106}},"715":{"start":{"line":1,"column":25107},"end":{"line":1,"column":25192}},"716":{"start":{"line":1,"column":25194},"end":{"line":1,"column":25206}},"717":{"start":{"line":1,"column":25223},"end":{"line":1,"column":25256}},"718":{"start":{"line":1,"column":25242},"end":{"line":1,"column":25256}},"719":{"start":{"line":1,"column":25264},"end":{"line":1,"column":25269}},"720":{"start":{"line":1,"column":25272},"end":{"line":1,"column":25277}},"721":{"start":{"line":1,"column":25278},"end":{"line":1,"column":25355}},"722":{"start":{"line":1,"column":25371},"end":{"line":1,"column":25473}},"723":{"start":{"line":1,"column":25395},"end":{"line":1,"column":25406}},"724":{"start":{"line":1,"column":25425},"end":{"line":1,"column":25449}},"725":{"start":{"line":1,"column":25450},"end":{"line":1,"column":25472}},"726":{"start":{"line":1,"column":25461},"end":{"line":1,"column":25471}},"727":{"start":{"line":1,"column":25494},"end":{"line":1,"column":28535}},"728":{"start":{"line":1,"column":25571},"end":{"line":1,"column":25573}},"729":{"start":{"line":1,"column":25574},"end":{"line":1,"column":25723}},"730":{"start":{"line":1,"column":25595},"end":{"line":1,"column":25620}},"731":{"start":{"line":1,"column":25623},"end":{"line":1,"column":25702}},"732":{"start":{"line":1,"column":25652},"end":{"line":1,"column":25700}},"733":{"start":{"line":1,"column":25703},"end":{"line":1,"column":25722}},"734":{"start":{"line":1,"column":25717},"end":{"line":1,"column":25721}},"735":{"start":{"line":1,"column":25723},"end":{"line":1,"column":25795}},"736":{"start":{"line":1,"column":25839},"end":{"line":1,"column":25880}},"737":{"start":{"line":1,"column":25969},"end":{"line":1,"column":26065}},"738":{"start":{"line":1,"column":26058},"end":{"line":1,"column":26065}},"739":{"start":{"line":1,"column":26073},"end":{"line":1,"column":26098}},"740":{"start":{"line":1,"column":26099},"end":{"line":1,"column":26112}},"741":{"start":{"line":1,"column":26105},"end":{"line":1,"column":26112}},"742":{"start":{"line":1,"column":26156},"end":{"line":1,"column":26170}},"743":{"start":{"line":1,"column":26171},"end":{"line":1,"column":26184}},"744":{"start":{"line":1,"column":26177},"end":{"line":1,"column":26184}},"745":{"start":{"line":1,"column":26184},"end":{"line":1,"column":26277}},"746":{"start":{"line":1,"column":26214},"end":{"line":1,"column":26246}},"747":{"start":{"line":1,"column":26240},"end":{"line":1,"column":26246}},"748":{"start":{"line":1,"column":26252},"end":{"line":1,"column":26277}},"749":{"start":{"line":1,"column":26270},"end":{"line":1,"column":26277}},"750":{"start":{"line":1,"column":26285},"end":{"line":1,"column":26290}},"751":{"start":{"line":1,"column":26291},"end":{"line":1,"column":26412}},"752":{"start":{"line":1,"column":26405},"end":{"line":1,"column":26412}},"753":{"start":{"line":1,"column":26423},"end":{"line":1,"column":26473}},"754":{"start":{"line":1,"column":26476},"end":{"line":1,"column":26492}},"755":{"start":{"line":1,"column":26493},"end":{"line":1,"column":26575}},"756":{"start":{"line":1,"column":26519},"end":{"line":1,"column":26568}},"757":{"start":{"line":1,"column":26568},"end":{"line":1,"column":26574}},"758":{"start":{"line":1,"column":26575},"end":{"line":1,"column":26902}},"759":{"start":{"line":1,"column":26603},"end":{"line":1,"column":26624}},"760":{"start":{"line":1,"column":26625},"end":{"line":1,"column":26854}},"761":{"start":{"line":1,"column":26635},"end":{"line":1,"column":26847}},"762":{"start":{"line":1,"column":26721},"end":{"line":1,"column":26746}},"763":{"start":{"line":1,"column":26759},"end":{"line":1,"column":26812}},"764":{"start":{"line":1,"column":26813},"end":{"line":1,"column":26846}},"765":{"start":{"line":1,"column":26847},"end":{"line":1,"column":26853}},"766":{"start":{"line":1,"column":26854},"end":{"line":1,"column":26897}},"767":{"start":{"line":1,"column":26890},"end":{"line":1,"column":26897}},"768":{"start":{"line":1,"column":26897},"end":{"line":1,"column":26901}},"769":{"start":{"line":1,"column":26902},"end":{"line":1,"column":27132}},"770":{"start":{"line":1,"column":26943},"end":{"line":1,"column":27005}},"771":{"start":{"line":1,"column":26970},"end":{"line":1,"column":26985}},"772":{"start":{"line":1,"column":27167},"end":{"line":1,"column":27196}},"773":{"start":{"line":1,"column":27189},"end":{"line":1,"column":27196}},"774":{"start":{"line":1,"column":27204},"end":{"line":1,"column":27254}},"775":{"start":{"line":1,"column":27257},"end":{"line":1,"column":27268}},"776":{"start":{"line":1,"column":27269},"end":{"line":1,"column":27383}},"777":{"start":{"line":1,"column":27376},"end":{"line":1,"column":27383}},"778":{"start":{"line":1,"column":27391},"end":{"line":1,"column":27486}},"779":{"start":{"line":1,"column":27487},"end":{"line":1,"column":27508}},"780":{"start":{"line":1,"column":27501},"end":{"line":1,"column":27508}},"781":{"start":{"line":1,"column":27516},"end":{"line":1,"column":27524}},"782":{"start":{"line":1,"column":27527},"end":{"line":1,"column":27532}},"783":{"start":{"line":1,"column":27533},"end":{"line":1,"column":27552}},"784":{"start":{"line":1,"column":27545},"end":{"line":1,"column":27552}},"785":{"start":{"line":1,"column":27552},"end":{"line":1,"column":27591}},"786":{"start":{"line":1,"column":27599},"end":{"line":1,"column":27614}},"787":{"start":{"line":1,"column":27617},"end":{"line":1,"column":27654}},"788":{"start":{"line":1,"column":27655},"end":{"line":1,"column":27876}},"789":{"start":{"line":1,"column":27923},"end":{"line":1,"column":28413}},"790":{"start":{"line":1,"column":27959},"end":{"line":1,"column":27969}},"791":{"start":{"line":1,"column":27970},"end":{"line":1,"column":27991}},"792":{"start":{"line":1,"column":27984},"end":{"line":1,"column":27991}},"793":{"start":{"line":1,"column":27999},"end":{"line":1,"column":28003}},"794":{"start":{"line":1,"column":28006},"end":{"line":1,"column":28021}},"795":{"start":{"line":1,"column":28024},"end":{"line":1,"column":28059}},"796":{"start":{"line":1,"column":28062},"end":{"line":1,"column":28072}},"797":{"start":{"line":1,"column":28075},"end":{"line":1,"column":28108}},"798":{"start":{"line":1,"column":28109},"end":{"line":1,"column":28200}},"799":{"start":{"line":1,"column":28128},"end":{"line":1,"column":28193}},"800":{"start":{"line":1,"column":28193},"end":{"line":1,"column":28199}},"801":{"start":{"line":1,"column":28208},"end":{"line":1,"column":28211}},"802":{"start":{"line":1,"column":28212},"end":{"line":1,"column":28338}},"803":{"start":{"line":1,"column":28289},"end":{"line":1,"column":28296}},"804":{"start":{"line":1,"column":28309},"end":{"line":1,"column":28323}},"805":{"start":{"line":1,"column":28344},"end":{"line":1,"column":28413}},"806":{"start":{"line":1,"column":28359},"end":{"line":1,"column":28381}},"807":{"start":{"line":1,"column":28382},"end":{"line":1,"column":28412}},"808":{"start":{"line":1,"column":28451},"end":{"line":1,"column":28532}},"809":{"start":{"line":1,"column":28535},"end":{"line":1,"column":28615}},"810":{"start":{"line":1,"column":28584},"end":{"line":1,"column":28615}},"811":{"start":{"line":1,"column":28615},"end":{"line":1,"column":28695}},"812":{"start":{"line":1,"column":28647},"end":{"line":1,"column":28692}},"813":{"start":{"line":1,"column":28709},"end":{"line":1,"column":28756}},"814":{"start":{"line":1,"column":28859},"end":{"line":1,"column":28865}},"815":{"start":{"line":1,"column":28873},"end":{"line":1,"column":28895}},"816":{"start":{"line":1,"column":28902},"end":{"line":1,"column":28985}},"817":{"start":{"line":1,"column":28975},"end":{"line":1,"column":28983}},"818":{"start":{"line":1,"column":28993},"end":{"line":1,"column":28995}},"819":{"start":{"line":1,"column":28996},"end":{"line":1,"column":29605}},"820":{"start":{"line":1,"column":29008},"end":{"line":1,"column":29249}},"821":{"start":{"line":1,"column":29035},"end":{"line":1,"column":29039}},"822":{"start":{"line":1,"column":29040},"end":{"line":1,"column":29247}},"823":{"start":{"line":1,"column":29154},"end":{"line":1,"column":29156}},"824":{"start":{"line":1,"column":29157},"end":{"line":1,"column":29213}},"825":{"start":{"line":1,"column":29167},"end":{"line":1,"column":29168}},"826":{"start":{"line":1,"column":29178},"end":{"line":1,"column":29213}},"827":{"start":{"line":1,"column":29213},"end":{"line":1,"column":29221}},"828":{"start":{"line":1,"column":29252},"end":{"line":1,"column":29272}},"829":{"start":{"line":1,"column":29273},"end":{"line":1,"column":29351}},"830":{"start":{"line":1,"column":29287},"end":{"line":1,"column":29296}},"831":{"start":{"line":1,"column":29297},"end":{"line":1,"column":29350}},"832":{"start":{"line":1,"column":29307},"end":{"line":1,"column":29308}},"833":{"start":{"line":1,"column":29324},"end":{"line":1,"column":29350}},"834":{"start":{"line":1,"column":29351},"end":{"line":1,"column":29420}},"835":{"start":{"line":1,"column":29430},"end":{"line":1,"column":29500}},"836":{"start":{"line":1,"column":29450},"end":{"line":1,"column":29493}},"837":{"start":{"line":1,"column":29493},"end":{"line":1,"column":29499}},"838":{"start":{"line":1,"column":29500},"end":{"line":1,"column":29604}},"839":{"start":{"line":1,"column":29605},"end":{"line":1,"column":29652}},"840":{"start":{"line":1,"column":29690},"end":{"line":1,"column":29700}},"841":{"start":{"line":1,"column":29701},"end":{"line":1,"column":29838}},"842":{"start":{"line":1,"column":29817},"end":{"line":1,"column":29826}},"843":{"start":{"line":1,"column":29846},"end":{"line":1,"column":29858}},"844":{"start":{"line":1,"column":29861},"end":{"line":1,"column":29879}},"845":{"start":{"line":1,"column":29880},"end":{"line":1,"column":30075}},"846":{"start":{"line":1,"column":29896},"end":{"line":1,"column":30074}},"847":{"start":{"line":1,"column":30075},"end":{"line":3,"column":346}},"848":{"start":{"line":1,"column":30118},"end":{"line":1,"column":30125}},"849":{"start":{"line":1,"column":30128},"end":{"line":1,"column":30146}},"850":{"start":{"line":1,"column":30149},"end":{"line":1,"column":30164}},"851":{"start":{"line":1,"column":30179},"end":{"line":1,"column":30269}},"852":{"start":{"line":1,"column":30217},"end":{"line":1,"column":30267}},"853":{"start":{"line":1,"column":30237},"end":{"line":1,"column":30265}},"854":{"start":{"line":1,"column":30276},"end":{"line":1,"column":30278}},"855":{"start":{"line":1,"column":30279},"end":{"line":3,"column":344}},"856":{"start":{"line":1,"column":30309},"end":{"line":1,"column":30323}},"857":{"start":{"line":1,"column":30324},"end":{"line":1,"column":30339}},"858":{"start":{"line":1,"column":30333},"end":{"line":1,"column":30339}},"859":{"start":{"line":1,"column":30339},"end":{"line":3,"column":343}},"860":{"start":{"line":2,"column":37},"end":{"line":3,"column":2}},"861":{"start":{"line":3,"column":3},"end":{"line":3,"column":19}},"862":{"start":{"line":3,"column":13},"end":{"line":3,"column":19}},"863":{"start":{"line":3,"column":27},"end":{"line":3,"column":51}},"864":{"start":{"line":3,"column":52},"end":{"line":3,"column":102}},"865":{"start":{"line":3,"column":90},"end":{"line":3,"column":102}},"866":{"start":{"line":3,"column":102},"end":{"line":3,"column":342}},"867":{"start":{"line":3,"column":121},"end":{"line":3,"column":232}},"868":{"start":{"line":3,"column":154},"end":{"line":3,"column":224}},"869":{"start":{"line":3,"column":237},"end":{"line":3,"column":342}},"870":{"start":{"line":3,"column":285},"end":{"line":3,"column":286}},"871":{"start":{"line":3,"column":289},"end":{"line":3,"column":297}},"872":{"start":{"line":3,"column":298},"end":{"line":3,"column":341}},"873":{"start":{"line":3,"column":362},"end":{"line":3,"column":612}},"874":{"start":{"line":3,"column":635},"end":{"line":3,"column":672}},"875":{"start":{"line":3,"column":673},"end":{"line":3,"column":1307}},"876":{"start":{"line":3,"column":678},"end":{"line":3,"column":688}},"877":{"start":{"line":3,"column":701},"end":{"line":3,"column":714}},"878":{"start":{"line":3,"column":717},"end":{"line":3,"column":743}},"879":{"start":{"line":3,"column":744},"end":{"line":3,"column":870}},"880":{"start":{"line":3,"column":878},"end":{"line":3,"column":892}},"881":{"start":{"line":3,"column":893},"end":{"line":3,"column":1306}},"882":{"start":{"line":3,"column":924},"end":{"line":3,"column":926}},"883":{"start":{"line":3,"column":927},"end":{"line":3,"column":983}},"884":{"start":{"line":3,"column":937},"end":{"line":3,"column":938}},"885":{"start":{"line":3,"column":959},"end":{"line":3,"column":983}},"886":{"start":{"line":3,"column":983},"end":{"line":3,"column":1305}},"887":{"start":{"line":3,"column":999},"end":{"line":3,"column":1303}},"888":{"start":{"line":3,"column":1027},"end":{"line":3,"column":1283}},"889":{"start":{"line":3,"column":1037},"end":{"line":3,"column":1038}},"890":{"start":{"line":3,"column":1068},"end":{"line":3,"column":1072}},"891":{"start":{"line":3,"column":1075},"end":{"line":3,"column":1090}},"892":{"start":{"line":3,"column":1091},"end":{"line":3,"column":1282}},"893":{"start":{"line":3,"column":1276},"end":{"line":3,"column":1282}},"894":{"start":{"line":3,"column":1283},"end":{"line":3,"column":1302}},"895":{"start":{"line":3,"column":1353},"end":{"line":3,"column":1382}},"896":{"start":{"line":3,"column":1373},"end":{"line":3,"column":1380}},"897":{"start":{"line":3,"column":1383},"end":{"line":3,"column":1669}},"898":{"start":{"line":3,"column":1685},"end":{"line":3,"column":1800}},"899":{"start":{"line":3,"column":1824},"end":{"line":3,"column":1834}},"900":{"start":{"line":3,"column":1835},"end":{"line":3,"column":1877}}},"fnMap":{"0":{"name":"(anonymous_0)","decl":{"start":{"line":1,"column":7},"end":{"line":1,"column":8}},"loc":{"start":{"line":1,"column":10},"end":{"line":1,"column":30}}},"1":{"name":"(anonymous_1)","decl":{"start":{"line":1,"column":38},"end":{"line":1,"column":39}},"loc":{"start":{"line":1,"column":47},"end":{"line":1,"column":72}}},"2":{"name":"(anonymous_2)","decl":{"start":{"line":1,"column":79},"end":{"line":1,"column":80}},"loc":{"start":{"line":1,"column":89},"end":{"line":1,"column":143}}},"3":{"name":"(anonymous_3)","decl":{"start":{"line":1,"column":147},"end":{"line":1,"column":148}},"loc":{"start":{"line":1,"column":156},"end":{"line":1,"column":261}}},"4":{"name":"jt","decl":{"start":{"line":1,"column":388},"end":{"line":1,"column":390}},"loc":{"start":{"line":1,"column":398},"end":{"line":1,"column":762}}},"5":{"name":"r","decl":{"start":{"line":1,"column":435},"end":{"line":1,"column":436}},"loc":{"start":{"line":1,"column":439},"end":{"line":1,"column":578}}},"6":{"name":"s","decl":{"start":{"line":1,"column":587},"end":{"line":1,"column":588}},"loc":{"start":{"line":1,"column":591},"end":{"line":1,"column":600}}},"7":{"name":"i","decl":{"start":{"line":1,"column":609},"end":{"line":1,"column":610}},"loc":{"start":{"line":1,"column":618},"end":{"line":1,"column":727}}},"8":{"name":"(anonymous_8)","decl":{"start":{"line":1,"column":681},"end":{"line":1,"column":682}},"loc":{"start":{"line":1,"column":685},"end":{"line":1,"column":726}}},"9":{"name":"Fe","decl":{"start":{"line":1,"column":804},"end":{"line":1,"column":806}},"loc":{"start":{"line":1,"column":811},"end":{"line":1,"column":926}}},"10":{"name":"Ve","decl":{"start":{"line":1,"column":935},"end":{"line":1,"column":937}},"loc":{"start":{"line":1,"column":940},"end":{"line":1,"column":990}}},"11":{"name":"Be","decl":{"start":{"line":1,"column":999},"end":{"line":1,"column":1001}},"loc":{"start":{"line":1,"column":1004},"end":{"line":1,"column":1061}}},"12":{"name":"Lt","decl":{"start":{"line":1,"column":1070},"end":{"line":1,"column":1072}},"loc":{"start":{"line":1,"column":1082},"end":{"line":1,"column":1106}}},"13":{"name":"qe","decl":{"start":{"line":1,"column":1115},"end":{"line":1,"column":1117}},"loc":{"start":{"line":1,"column":1129},"end":{"line":1,"column":1580}}},"14":{"name":"(anonymous_14)","decl":{"start":{"line":1,"column":1221},"end":{"line":1,"column":1224}},"loc":{"start":{"line":1,"column":1229},"end":{"line":1,"column":1362}}},"15":{"name":"(anonymous_15)","decl":{"start":{"line":1,"column":1275},"end":{"line":1,"column":1276}},"loc":{"start":{"line":1,"column":1279},"end":{"line":1,"column":1291}}},"16":{"name":"(anonymous_16)","decl":{"start":{"line":1,"column":1516},"end":{"line":1,"column":1519}},"loc":{"start":{"line":1,"column":1521},"end":{"line":1,"column":1538}}},"17":{"name":"Me","decl":{"start":{"line":1,"column":1589},"end":{"line":1,"column":1591}},"loc":{"start":{"line":1,"column":1597},"end":{"line":1,"column":1916}}},"18":{"name":"Ge","decl":{"start":{"line":1,"column":1925},"end":{"line":1,"column":1927}},"loc":{"start":{"line":1,"column":1930},"end":{"line":1,"column":2038}}},"19":{"name":"(anonymous_19)","decl":{"start":{"line":1,"column":2073},"end":{"line":1,"column":2074}},"loc":{"start":{"line":1,"column":2081},"end":{"line":1,"column":2178}}},"20":{"name":"Ke","decl":{"start":{"line":1,"column":2205},"end":{"line":1,"column":2207}},"loc":{"start":{"line":1,"column":2212},"end":{"line":1,"column":2520}}},"21":{"name":"We","decl":{"start":{"line":1,"column":2529},"end":{"line":1,"column":2531}},"loc":{"start":{"line":1,"column":2538},"end":{"line":1,"column":2769}}},"22":{"name":"$t","decl":{"start":{"line":1,"column":2778},"end":{"line":1,"column":2780}},"loc":{"start":{"line":1,"column":2785},"end":{"line":1,"column":3109}}},"23":{"name":"ze","decl":{"start":{"line":1,"column":3167},"end":{"line":1,"column":3169}},"loc":{"start":{"line":1,"column":3172},"end":{"line":1,"column":3979}}},"24":{"name":"(anonymous_24)","decl":{"start":{"line":1,"column":3239},"end":{"line":1,"column":3240}},"loc":{"start":{"line":1,"column":3242},"end":{"line":1,"column":3952}}},"25":{"name":"(anonymous_25)","decl":{"start":{"line":1,"column":3580},"end":{"line":1,"column":3581}},"loc":{"start":{"line":1,"column":3587},"end":{"line":1,"column":3941}}},"26":{"name":"(anonymous_26)","decl":{"start":{"line":1,"column":3755},"end":{"line":1,"column":3756}},"loc":{"start":{"line":1,"column":3758},"end":{"line":1,"column":3772}}},"27":{"name":"Je","decl":{"start":{"line":1,"column":3988},"end":{"line":1,"column":3990}},"loc":{"start":{"line":1,"column":3993},"end":{"line":1,"column":4023}}},"28":{"name":"Xe","decl":{"start":{"line":1,"column":4032},"end":{"line":1,"column":4034}},"loc":{"start":{"line":1,"column":4037},"end":{"line":1,"column":4078}}},"29":{"name":"Ze","decl":{"start":{"line":1,"column":4087},"end":{"line":1,"column":4089}},"loc":{"start":{"line":1,"column":4096},"end":{"line":1,"column":4557}}},"30":{"name":"(anonymous_30)","decl":{"start":{"line":1,"column":4132},"end":{"line":1,"column":4133}},"loc":{"start":{"line":1,"column":4135},"end":{"line":1,"column":4145}}},"31":{"name":"(anonymous_31)","decl":{"start":{"line":1,"column":4262},"end":{"line":1,"column":4263}},"loc":{"start":{"line":1,"column":4265},"end":{"line":1,"column":4266}}},"32":{"name":"Tt","decl":{"start":{"line":1,"column":4566},"end":{"line":1,"column":4568}},"loc":{"start":{"line":1,"column":4571},"end":{"line":1,"column":4741}}},"33":{"name":"Qe","decl":{"start":{"line":1,"column":4750},"end":{"line":1,"column":4752}},"loc":{"start":{"line":1,"column":4802},"end":{"line":1,"column":5219}}},"34":{"name":"(anonymous_34)","decl":{"start":{"line":1,"column":4851},"end":{"line":1,"column":4852}},"loc":{"start":{"line":1,"column":4866},"end":{"line":1,"column":5114}}},"35":{"name":"(anonymous_35)","decl":{"start":{"line":1,"column":4912},"end":{"line":1,"column":4913}},"loc":{"start":{"line":1,"column":4915},"end":{"line":1,"column":4956}}},"36":{"name":"(anonymous_36)","decl":{"start":{"line":1,"column":4981},"end":{"line":1,"column":4982}},"loc":{"start":{"line":1,"column":4984},"end":{"line":1,"column":4988}}},"37":{"name":"s","decl":{"start":{"line":1,"column":5125},"end":{"line":1,"column":5126}},"loc":{"start":{"line":1,"column":5129},"end":{"line":1,"column":5168}}},"38":{"name":"i","decl":{"start":{"line":1,"column":5177},"end":{"line":1,"column":5178}},"loc":{"start":{"line":1,"column":5181},"end":{"line":1,"column":5218}}},"39":{"name":"de","decl":{"start":{"line":1,"column":5228},"end":{"line":1,"column":5230}},"loc":{"start":{"line":1,"column":5246},"end":{"line":1,"column":5287}}},"40":{"name":"Qt","decl":{"start":{"line":1,"column":5296},"end":{"line":1,"column":5298}},"loc":{"start":{"line":1,"column":5320},"end":{"line":1,"column":5366}}},"41":{"name":"ye","decl":{"start":{"line":1,"column":5760},"end":{"line":1,"column":5762}},"loc":{"start":{"line":1,"column":5765},"end":{"line":1,"column":5925}}},"42":{"name":"Dt","decl":{"start":{"line":1,"column":5934},"end":{"line":1,"column":5936}},"loc":{"start":{"line":1,"column":5938},"end":{"line":1,"column":5975}}},"43":{"name":"M","decl":{"start":{"line":1,"column":5984},"end":{"line":1,"column":5985}},"loc":{"start":{"line":1,"column":5990},"end":{"line":1,"column":6036}}},"44":{"name":"we","decl":{"start":{"line":1,"column":6072},"end":{"line":1,"column":6074}},"loc":{"start":{"line":1,"column":6077},"end":{"line":1,"column":6166}}},"45":{"name":"_e","decl":{"start":{"line":1,"column":6175},"end":{"line":1,"column":6177}},"loc":{"start":{"line":1,"column":6182},"end":{"line":1,"column":6275}}},"46":{"name":"Ct","decl":{"start":{"line":1,"column":6284},"end":{"line":1,"column":6286}},"loc":{"start":{"line":1,"column":6293},"end":{"line":1,"column":6731}}},"47":{"name":"dt","decl":{"start":{"line":1,"column":6740},"end":{"line":1,"column":6742}},"loc":{"start":{"line":1,"column":6745},"end":{"line":1,"column":7251}}},"48":{"name":"c","decl":{"start":{"line":1,"column":7042},"end":{"line":1,"column":7043}},"loc":{"start":{"line":1,"column":7046},"end":{"line":1,"column":7131}}},"49":{"name":"ee","decl":{"start":{"line":1,"column":7260},"end":{"line":1,"column":7262}},"loc":{"start":{"line":1,"column":7265},"end":{"line":1,"column":7461}}},"50":{"name":"a","decl":{"start":{"line":1,"column":7298},"end":{"line":1,"column":7299}},"loc":{"start":{"line":1,"column":7301},"end":{"line":1,"column":7322}}},"51":{"name":"(anonymous_51)","decl":{"start":{"line":1,"column":7316},"end":{"line":1,"column":7317}},"loc":{"start":{"line":1,"column":7319},"end":{"line":1,"column":7320}}},"52":{"name":"r","decl":{"start":{"line":1,"column":7331},"end":{"line":1,"column":7332}},"loc":{"start":{"line":1,"column":7335},"end":{"line":1,"column":7350}}},"53":{"name":"s","decl":{"start":{"line":1,"column":7359},"end":{"line":1,"column":7360}},"loc":{"start":{"line":1,"column":7363},"end":{"line":1,"column":7426}}},"54":{"name":"(anonymous_54)","decl":{"start":{"line":1,"column":7389},"end":{"line":1,"column":7390}},"loc":{"start":{"line":1,"column":7392},"end":{"line":1,"column":7424}}},"55":{"name":"(anonymous_55)","decl":{"start":{"line":1,"column":7473},"end":{"line":1,"column":7474}},"loc":{"start":{"line":1,"column":7477},"end":{"line":1,"column":7479}}},"56":{"name":"rn","decl":{"start":{"line":1,"column":7490},"end":{"line":1,"column":7492}},"loc":{"start":{"line":1,"column":7494},"end":{"line":1,"column":7819}}},"57":{"name":"a","decl":{"start":{"line":1,"column":7548},"end":{"line":1,"column":7549}},"loc":{"start":{"line":1,"column":7551},"end":{"line":1,"column":7791}}},"58":{"name":"kt","decl":{"start":{"line":1,"column":7828},"end":{"line":1,"column":7830}},"loc":{"start":{"line":1,"column":7837},"end":{"line":1,"column":8014}}},"59":{"name":"qn","decl":{"start":{"line":1,"column":8023},"end":{"line":1,"column":8025}},"loc":{"start":{"line":1,"column":8028},"end":{"line":1,"column":8030}}},"60":{"name":"ne","decl":{"start":{"line":1,"column":8039},"end":{"line":1,"column":8041}},"loc":{"start":{"line":1,"column":8044},"end":{"line":1,"column":8175}}},"61":{"name":"on","decl":{"start":{"line":1,"column":8260},"end":{"line":1,"column":8262}},"loc":{"start":{"line":1,"column":8265},"end":{"line":1,"column":8639}}},"62":{"name":"dn","decl":{"start":{"line":1,"column":8690},"end":{"line":1,"column":8692}},"loc":{"start":{"line":1,"column":8697},"end":{"line":1,"column":10167}}},"63":{"name":"r","decl":{"start":{"line":1,"column":8840},"end":{"line":1,"column":8841}},"loc":{"start":{"line":1,"column":8849},"end":{"line":1,"column":10155}}},"64":{"name":"gn","decl":{"start":{"line":1,"column":10294},"end":{"line":1,"colum
[...]
,"/Users/rafael.gonzalezmunoz/Development/r2digisolutions/functions/src/lib/utils/mapper/formdataToObject.ts": {"path":"/Users/rafael.gonzalezmunoz/Development/r2digisolutions/functions/src/lib/utils/mapper/formdataToObject.ts","statementMap":{"0":{"start":{"line":2,"column":37},"end":{"line":2,"column":null}},"1":{"start":{"line":3,"column":16},"end":{"line":3,"column":null}},"2":{"start":{"line":6,"column":2},"end":{"line":10,"column":null}},"3":{"start":{"line":7,"column":17},"end":{"line":7,"column":null}},"4":{"start":{"line":8,"column":19},"end":{"line":8,"column":null}},"5":{"start":{"line":9,"column":4},"end":{"line":9,"column":null}},"6":{"start":{"line":12,"column":2},"end":{"line":12,"column":null}},"7":{"start":{"line":16,"column":16},"end":{"line":16,"column":null}},"8":{"start":{"line":18,"column":2},"end":{"line":30,"column":null}},"9":{"start":{"line":18,"column":15},"end":{"line":18,"column":18}},"10":{"start":{"line":19,"column":16},"end":{"line":19,"column":null}},"11":{"start":{"line":20,"column":20},"end":{"line":20,"column":null}},"12":{"start":{"line":22,"column":4},"end":{"line":29,"column":null}},"13":{"start":{"line":23,"column":6},"end":{"line":23,"column":null}},"14":{"start":{"line":25,"column":6},"end":{"line":27,"column":null}},"15":{"start":{"line":26,"column":8},"end":{"line":26,"column":null}},"16":{"start":{"line":28,"column":6},"end":{"line":28,"column":null}},"17":{"start":{"line":34,"column":42},"end":{"line":34,"column":null}},"18":{"start":{"line":36,"column":2},"end":{"line":40,"column":null}},"19":{"start":{"line":37,"column":18},"end":{"line":37,"column":null}},"20":{"start":{"line":38,"column":17},"end":{"line":38,"column":null}},"21":{"start":{"line":39,"column":4},"end":{"line":39,"column":null}},"22":{"start":{"line":42,"column":2},"end":{"line":42,"column":null}},"23":{"start":{"line":46,"column":15},"end":{"line":46,"column":null}},"24":{"start":{"line":47,"column":17},"end":{"line":47,"column":null}},"25":{"start":{"line":48,"column":2},"end":{"line":48,"column":null}}},"fnMap":{"0":{"name":"parseKey","decl":{"start":{"line":1,"column":9},"end":{"line":1,"column":18}},"loc":{"start":{"line":1,"column":52},"end":{"line":13,"column":null}}},"1":{"name":"setDeep","decl":{"start":{"line":15,"column":9},"end":{"line":15,"column":17}},"loc":{"start":{"line":15,"column":96},"end":{"line":31,"column":null}}},"2":{"name":"parseFormDataObject","decl":{"start":{"line":33,"column":9},"end":{"line":33,"column":29}},"loc":{"start":{"line":33,"column":69},"end":{"line":43,"column":null}}},"3":{"name":"formdataToObject","decl":{"start":{"line":45,"column":16},"end":{"line":45,"column":74}},"loc":{"start":{"line":45,"column":93},"end":{"line":49,"column":null}}}},"branchMap":{"0":{"loc":{"start":{"line":7,"column":17},"end":{"line":7,"column":null}},"type":"binary-expr","locations":[{"start":{"line":7,"column":17},"end":{"line":7,"column":29}},{"start":{"line":7,"column":29},"end":{"line":7,"column":null}}]},"1":{"loc":{"start":{"line":8,"column":19},"end":{"line":8,"column":null}},"type":"cond-expr","locations":[{"start":{"line":8,"column":40},"end":{"line":8,"column":55}},{"start":{"line":8,"column":55},"end":{"line":8,"column":null}}]},"2":{"loc":{"start":{"line":22,"column":4},"end":{"line":29,"column":null}},"type":"if","locations":[{"start":{"line":22,"column":4},"end":{"line":29,"column":null}},{"start":{"line":24,"column":11},"end":{"line":29,"column":null}}]},"3":{"loc":{"start":{"line":25,"column":6},"end":{"line":27,"column":null}},"type":"if","locations":[{"start":{"line":25,"column":6},"end":{"line":27,"column":null}},{"start":{},"end":{}}]},"4":{"loc":{"start":{"line":26,"column":23},"end":{"line":26,"column":null}},"type":"cond-expr","locations":[{"start":{"line":26,"column":53},"end":{"line":26,"column":58}},{"start":{"line":26,"column":58},"end":{"line":26,"column":null}}]}},"s":{"0":16,"1":16,"2":16,"3":32,"4":32,"5":32,"6":16,"7":16,"8":16,"9":16,"10":32,"11":32,"12":32,"13":16,"14":16,"15":5,"16":16,"17":2,"18":2,"19":16,"20":16,"21":16,"22":2,"23":2,"24":2,"25":2},"f":{"0":16,"1":16,"2":2,"3":2},"b":{"0":[32,4],"1":[4,28],"2":[16,16],"3":[5,11],"4":[1,4]}}
,"/Users/rafael.gonzalezmunoz/Development/r2digisolutions/functions/src/lib/utils/platform/platform.ts": {"path":"/Users/rafael.gonzalezmunoz/Development/r2digisolutions/functions/src/lib/utils/platform/platform.ts","statementMap":{"0":{"start":{"line":1,"column":14},"end":{"line":3,"column":null}},"1":{"start":{"line":2,"column":2},"end":{"line":2,"column":null}},"2":{"start":{"line":5,"column":18},"end":{"line":7,"column":null}},"3":{"start":{"line":6,"column":2},"end":{"line":6,"column":null}},"4":{"start":{"line":9,"column":16},"end":{"line":11,"column":null}},"5":{"start":{"line":10,"column":2},"end":{"line":10,"column":null}},"6":{"start":{"line":13,"column":19},"end":{"line":18,"column":null}},"7":{"start":{"line":14,"column":2},"end":{"line":16,"column":null}},"8":{"start":{"line":15,"column":4},"end":{"line":15,"column":null}},"9":{"start":{"line":17,"column":2},"end":{"line":17,"column":null}},"10":{"start":{"line":21,"column":24},"end":{"line":25,"column":null}}},"fnMap":{"0":{"name":"(anonymous_0)","decl":{"start":{"line":1,"column":14},"end":{"line":1,"column":29}},"loc":{"start":{"line":1,"column":29},"end":{"line":3,"column":null}}},"1":{"name":"(anonymous_1)","decl":{"start":{"line":5,"column":18},"end":{"line":5,"column":33}},"loc":{"start":{"line":5,"column":33},"end":{"line":7,"column":null}}},"2":{"name":"(anonymous_2)","decl":{"start":{"line":9,"column":16},"end":{"line":9,"column":31}},"loc":{"start":{"line":9,"column":31},"end":{"line":11,"column":null}}},"3":{"name":"(anonymous_3)","decl":{"start":{"line":13,"column":19},"end":{"line":13,"column":20}},"loc":{"start":{"line":13,"column":50},"end":{"line":18,"column":null}}}},"branchMap":{"0":{"loc":{"start":{"line":14,"column":2},"end":{"line":16,"column":null}},"type":"if","locations":[{"start":{"line":14,"column":2},"end":{"line":16,"column":null}},{"start":{},"end":{}}]},"1":{"loc":{"start":{"line":14,"column":6},"end":{"line":14,"column":73}},"type":"binary-expr","locations":[{"start":{"line":14,"column":6},"end":{"line":14,"column":39}},{"start":{"line":14,"column":39},"end":{"line":14,"column":73}}]}},"s":{"0":1,"1":1,"2":1,"3":1,"4":1,"5":2,"6":1,"7":4,"8":1,"9":3,"10":1},"f":{"0":1,"1":1,"2":2,"3":4},"b":{"0":[1,3],"1":[4,3]}}
,"/Users/rafael.gonzalezmunoz/Development/r2digisolutions/functions/src/lib/utils/query/QueryParser.ts": {"path":"/Users/rafael.gonzalezmunoz/Development/r2digisolutions/functions/src/lib/utils/query/QueryParser.ts","statementMap":{"0":{"start":{"line":14,"column":4},"end":{"line":14,"column":null}},"1":{"start":{"line":18,"column":30},"end":{"line":18,"column":null}},"2":{"start":{"line":19,"column":38},"end":{"line":19,"column":null}},"3":{"start":{"line":20,"column":19},"end":{"line":20,"column":null}},"4":{"start":{"line":22,"column":24},"end":{"line":22,"column":null}},"5":{"start":{"line":23,"column":4},"end":{"line":50,"column":null}},"6":{"start":{"line":25,"column":6},"end":{"line":49,"column":null}},"7":{"start":{"line":26,"column":8},"end":{"line":26,"column":null}},"8":{"start":{"line":27,"column":8},"end":{"line":30,"column":null}},"9":{"start":{"line":28,"column":10},"end":{"line":28,"column":null}},"10":{"start":{"line":29,"column":10},"end":{"line":29,"column":null}},"11":{"start":{"line":31,"column":6},"end":{"line":49,"column":null}},"12":{"start":{"line":32,"column":8},"end":{"line":32,"column":null}},"13":{"start":{"line":33,"column":8},"end":{"line":36,"column":null}},"14":{"start":{"line":34,"column":10},"end":{"line":34,"column":null}},"15":{"start":{"line":35,"column":10},"end":{"line":35,"column":null}},"16":{"start":{"line":37,"column":6},"end":{"line":49,"column":null}},"17":{"start":{"line":38,"column":8},"end":{"line":38,"column":null}},"18":{"start":{"line":39,"column":8},"end":{"line":42,"column":null}},"19":{"start":{"line":40,"column":10},"end":{"line":40,"column":null}},"20":{"start":{"line":41,"column":10},"end":{"line":41,"column":null}},"21":{"start":{"line":43,"column":6},"end":{"line":49,"column":null}},"22":{"start":{"line":44,"column":8},"end":{"line":44,"column":null}},"23":{"start":{"line":45,"column":8},"end":{"line":48,"column":null}},"24":{"start":{"line":46,"column":10},"end":{"line":46,"column":null}},"25":{"start":{"line":47,"column":10},"end":{"line":47,"column":null}},"26":{"start":{"line":52,"column":4},"end":{"line":56,"column":null}},"27":{"start":{"line":53,"column":6},"end":{"line":53,"column":null}},"28":{"start":{"line":54,"column":4},"end":{"line":56,"column":null}},"29":{"start":{"line":55,"column":6},"end":{"line":55,"column":null}},"30":{"start":{"line":58,"column":4},"end":{"line":58,"column":null}},"31":{"start":{"line":62,"column":4},"end":{"line":64,"column":null}},"32":{"start":{"line":63,"column":6},"end":{"line":63,"column":null}},"33":{"start":{"line":66,"column":26},"end":{"line":80,"column":null}},"34":{"start":{"line":67,"column":39},"end":{"line":67,"column":null}},"35":{"start":{"line":68,"column":6},"end":{"line":79,"column":null}},"36":{"start":{"line":70,"column":10},"end":{"line":70,"column":null}},"37":{"start":{"line":72,"column":10},"end":{"line":72,"column":null}},"38":{"start":{"line":74,"column":10},"end":{"line":74,"column":null}},"39":{"start":{"line":76,"column":10},"end":{"line":76,"column":null}},"40":{"start":{"line":78,"column":10},"end":{"line":78,"column":null}},"41":{"start":{"line":82,"column":4},"end":{"line":82,"column":null}}},"fnMap":{"0":{"name":"(anonymous_0)","decl":{"start":{"line":13,"column":2},"end":{"line":13,"column":14}},"loc":{"start":{"line":13,"column":35},"end":{"line":15,"column":null}}},"1":{"name":"(anonymous_1)","decl":{"start":{"line":17,"column":2},"end":{"line":17,"column":26}},"loc":{"start":{"line":17,"column":26},"end":{"line":59,"column":null}}},"2":{"name":"(anonymous_2)","decl":{"start":{"line":23,"column":24},"end":{"line":23,"column":38}},"loc":{"start":{"line":23,"column":38},"end":{"line":50,"column":5}}},"3":{"name":"(anonymous_3)","decl":{"start":{"line":61,"column":2},"end":{"line":61,"column":16}},"loc":{"start":{"line":61,"column":53},"end":{"line":83,"column":null}}},"4":{"name":"(anonymous_4)","decl":{"start":{"line":66,"column":50},"end":{"line":66,"column":60}},"loc":{"start":{"line":66,"column":60},"end":{"line":80,"column":5}}}},"branchMap":{"0":{"loc":{"start":{"line":25,"column":6},"end":{"line":49,"column":null}},"type":"if","locations":[{"start":{"line":25,"column":6},"end":{"line":49,"column":null}},{"start":{"line":31,"column":6},"end":{"line":49,"column":null}}]},"1":{"loc":{"start":{"line":27,"column":8},"end":{"line":30,"column":null}},"type":"if","locations":[{"start":{"line":27,"column":8},"end":{"line":30,"column":null}},{"start":{},"end":{}}]},"2":{"loc":{"start":{"line":31,"column":6},"end":{"line":49,"column":null}},"type":"if","locations":[{"start":{"line":31,"column":6},"end":{"line":49,"column":null}},{"start":{"line":37,"column":6},"end":{"line":49,"column":null}}]},"3":{"loc":{"start":{"line":33,"column":8},"end":{"line":36,"column":null}},"type":"if","locations":[{"start":{"line":33,"column":8},"end":{"line":36,"column":null}},{"start":{},"end":{}}]},"4":{"loc":{"start":{"line":37,"column":6},"end":{"line":49,"column":null}},"type":"if","locations":[{"start":{"line":37,"column":6},"end":{"line":49,"column":null}},{"start":{"line":43,"column":6},"end":{"line":49,"column":null}}]},"5":{"loc":{"start":{"line":39,"column":8},"end":{"line":42,"column":null}},"type":"if","locations":[{"start":{"line":39,"column":8},"end":{"line":42,"column":null}},{"start":{},"end":{}}]},"6":{"loc":{"start":{"line":43,"column":6},"end":{"line":49,"column":null}},"type":"if","locations":[{"start":{"line":43,"column":6},"end":{"line":49,"column":null}},{"start":{},"end":{}}]},"7":{"loc":{"start":{"line":45,"column":8},"end":{"line":48,"column":null}},"type":"if","locations":[{"start":{"line":45,"column":8},"end":{"line":48,"column":null}},{"start":{},"end":{}}]},"8":{"loc":{"start":{"line":52,"column":4},"end":{"line":56,"column":null}},"type":"if","locations":[{"start":{"line":52,"column":4},"end":{"line":56,"column":null}},{"start":{"line":54,"column":4},"end":{"line":56,"column":null}}]},"9":{"loc":{"start":{"line":54,"column":4},"end":{"line":56,"column":null}},"type":"if","locations":[{"start":{"line":54,"column":4},"end":{"line":56,"column":null}},{"start":{},"end":{}}]},"10":{"loc":{"start":{"line":62,"column":4},"end":{"line":64,"column":null}},"type":"if","locations":[{"start":{"line":62,"column":4},"end":{"line":64,"column":null}},{"start":{},"end":{}}]},"11":{"loc":{"start":{"line":62,"column":8},"end":{"line":62,"column":67}},"type":"binary-expr","locations":[{"start":{"line":62,"column":8},"end":{"line":62,"column":33}},{"start":{"line":62,"column":33},"end":{"line":62,"column":67}}]},"12":{"loc":{"start":{"line":68,"column":6},"end":{"line":79,"column":null}},"type":"switch","locations":[{"start":{"line":69,"column":8},"end":{"line":70,"column":null}},{"start":{"line":71,"column":8},"end":{"line":72,"column":null}},{"start":{"line":73,"column":8},"end":{"line":74,"column":null}},{"start":{"line":75,"column":8},"end":{"line":76,"column":null}},{"start":{"line":77,"column":8},"end":{"line":78,"column":null}}]}},"s":{"0":9,"1":5,"2":5,"3":5,"4":5,"5":5,"6":11,"7":3,"8":3,"9":3,"10":3,"11":8,"12":3,"13":3,"14":3,"15":3,"16":5,"17":2,"18":2,"19":2,"20":2,"21":3,"22":2,"23":2,"24":2,"25":2,"26":5,"27":2,"28":3,"29":1,"30":5,"31":4,"32":1,"33":3,"34":9,"35":9,"36":2,"37":2,"38":1,"39":1,"40":3,"41":3},"f":{"0":9,"1":5,"2":11,"3":4,"4":9},"b":{"0":[3,8],"1":[3,0],"2":[3,5],"3":[3,0],"4":[2,3],"5":[2,0],"6":[2,1],"7":[2,0],"8":[2,3],"9":[1,2],"10":[1,3],"11":[4,3],"12":[2,2,1,1,3]}}
,"/Users/rafael.gonzalezmunoz/Development/r2digisolutions/functions/src/lib/utils/random/random.ts": {"path":"/Users/rafael.gonzalezmunoz/Development/r2digisolutions/functions/src/lib/utils/random/random.ts","statementMap":{"0":{"start":{"line":1,"column":24},"end":{"line":2,"column":null}},"1":{"start":{"line":2,"column":2},"end":{"line":2,"column":null}}},"fnMap":{"0":{"name":"(anonymous_0)","decl":{"start":{"line":1,"column":24},"end":{"line":1,"column":25}},"loc":{"start":{"line":2,"column":2},"end":{"line":2,"column":null}}}},"branchMap":{},"s":{"0":1,"1":2},"f":{"0":2},"b":{}}
,"/Users/rafael.gonzalezmunoz/Development/r2digisolutions/functions/src/lib/utils/sleep/sleep.ts": {"path":"/Users/rafael.gonzalezmunoz/Development/r2digisolutions/functions/src/lib/utils/sleep/sleep.ts","statementMap":{"0":{"start":{"line":1,"column":23},"end":{"line":2,"column":null}},"1":{"start":{"line":2,"column":2},"end":{"line":2,"column":null}},"2":{"start":{"line":2,"column":30},"end":{"line":2,"column":58}}},"fnMap":{"0":{"name":"(anonymous_0)","decl":{"start":{"line":1,"column":23},"end":{"line":1,"column":34}},"loc":{"start":{"line":2,"column":2},"end":{"line":2,"column":null}}},"1":{"name":"(anonymous_1)","decl":{"start":{"line":2,"column":17},"end":{"line":2,"column":18}},"loc":{"start":{"line":2,"column":30},"end":{"line":2,"column":58}}}},"branchMap":{"0":{"loc":{"start":{"line":1,"column":34},"end":{"line":1,"column":null}},"type":"default-arg","locations":[{"start":{"line":1,"column":52},"end":{"line":1,"column":null}}]}},"s":{"0":1,"1":1,"2":1},"f":{"0":1,"1":1},"b":{"0":[1]}}
,"/Users/rafael.gonzalezmunoz/Development/r2digisolutions/functions/src/lib/utils/text/capitalize.ts": {"path":"/Users/rafael.gonzalezmunoz/Development/r2digisolutions/functions/src/lib/utils/text/capitalize.ts","statementMap":{"0":{"start":{"line":7,"column":39},"end":{"line":12,"column":null}},"1":{"start":{"line":8,"column":2},"end":{"line":10,"column":null}},"2":{"start":{"line":9,"column":4},"end":{"line":9,"column":null}},"3":{"start":{"line":11,"column":2},"end":{"line":11,"column":null}}},"fnMap":{"0":{"name":"(anonymous_0)","decl":{"start":{"line":7,"column":39},"end":{"line":7,"column":40}},"loc":{"start":{"line":7,"column":83},"end":{"line":12,"column":null}}}},"branchMap":{"0":{"loc":{"start":{"line":8,"column":2},"end":{"line":10,"column":null}},"type":"if","locations":[{"start":{"line":8,"column":2},"end":{"line":10,"column":null}},{"start":{},"end":{}}]}},"s":{"0":1,"1":6,"2":3,"3":3},"f":{"0":6},"b":{"0":[3,3]}}
,"/Users/rafael.gonzalezmunoz/Development/r2digisolutions/functions/src/lib/utils/text/slug.ts": {"path":"/Users/rafael.gonzalezmunoz/Development/r2digisolutions/functions/src/lib/utils/text/slug.ts","statementMap":{"0":{"start":{"line":8,"column":22},"end":{"line":16,"column":null}},"1":{"start":{"line":9,"column":2},"end":{"line":15,"column":null}},"2":{"start":{"line":12,"column":36},"end":{"line":12,"column":67}},"3":{"start":{"line":13,"column":34},"end":{"line":13,"column":65}}},"fnMap":{"0":{"name":"(anonymous_0)","decl":{"start":{"line":8,"column":22},"end":{"line":8,"column":23}},"loc":{"start":{"line":8,"column":48},"end":{"line":16,"column":null}}},"1":{"name":"(anonymous_1)","decl":{"start":{"line":12,"column":26},"end":{"line":12,"column":27}},"loc":{"start":{"line":12,"column":36},"end":{"line":12,"column":67}}},"2":{"name":"(anonymous_2)","decl":{"start":{"line":13,"column":24},"end":{"line":13,"column":25}},"loc":{"start":{"line":13,"column":34},"end":{"line":13,"column":65}}}},"branchMap":{},"s":{"0":1,"1":5,"2":1,"3":1},"f":{"0":5,"1":1,"2":1},"b":{}}
,"/Users/rafael.gonzalezmunoz/Development/r2digisolutions/functions/src/lib/utils/validation/time.ts": {"path":"/Users/rafael.gonzalezmunoz/Development/r2digisolutions/functions/src/lib/utils/validation/time.ts","statementMap":{"0":{"start":{"line":13,"column":4},"end":{"line":13,"column":null}},"1":{"start":{"line":14,"column":2},"end":{"line":14,"column":null}}},"fnMap":{"0":{"name":"fnValidateTaskTime","decl":{"start":{"line":11,"column":16},"end":{"line":11,"column":35}},"loc":{"start":{"line":11,"column":58},"end":{"line":15,"column":null}}}},"branchMap":{},"s":{"0":9,"1":9},"f":{"0":9},"b":{}}
,"/Users/rafael.gonzalezmunoz/Development/r2digisolutions/functions/src/routes/+layout.server.ts": {"path":"/Users/rafael.gonzalezmunoz/Development/r2digisolutions/functions/src/routes/+layout.server.ts","statementMap":{"0":{"start":{"line":1,"column":25},"end":{"line":1,"column":null}}},"fnMap":{},"branchMap":{},"s":{"0":0},"f":{},"b":{}}
}
