{"/Users/rafael.gonzalezmunoz/Development/r2digisolutions/functions/src/lib/utils/query/QueryParser.ts": {"path":"/Users/rafael.gonzalezmunoz/Development/r2digisolutions/functions/src/lib/utils/query/QueryParser.ts","statementMap":{"0":{"start":{"line":31,"column":44},"end":{"line":179,"column":null}},"1":{"start":{"line":34,"column":19},"end":{"line":34,"column":null}},"2":{"start":{"line":36,"column":20},"end":{"line":36,"column":null}},"3":{"start":{"line":37,"column":6},"end":{"line":37,"column":null}},"4":{"start":{"line":39,"column":37},"end":{"line":39,"column":null}},"5":{"start":{"line":40,"column":23},"end":{"line":40,"column":null}},"6":{"start":{"line":44,"column":19},"end":{"line":44,"column":null}},"7":{"start":{"line":46,"column":20},"end":{"line":46,"column":null}},"8":{"start":{"line":47,"column":6},"end":{"line":47,"column":null}},"9":{"start":{"line":49,"column":37},"end":{"line":49,"column":null}},"10":{"start":{"line":50,"column":23},"end":{"line":50,"column":null}},"11":{"start":{"line":54,"column":19},"end":{"line":54,"column":null}},"12":{"start":{"line":56,"column":20},"end":{"line":56,"column":null}},"13":{"start":{"line":57,"column":6},"end":{"line":57,"column":null}},"14":{"start":{"line":59,"column":37},"end":{"line":59,"column":null}},"15":{"start":{"line":60,"column":23},"end":{"line":60,"column":null}},"16":{"start":{"line":64,"column":19},"end":{"line":64,"column":null}},"17":{"start":{"line":66,"column":20},"end":{"line":66,"column":null}},"18":{"start":{"line":67,"column":6},"end":{"line":67,"column":null}},"19":{"start":{"line":69,"column":37},"end":{"line":69,"column":null}},"20":{"start":{"line":70,"column":23},"end":{"line":70,"column":null}},"21":{"start":{"line":74,"column":19},"end":{"line":74,"column":null}},"22":{"start":{"line":76,"column":20},"end":{"line":76,"column":null}},"23":{"start":{"line":77,"column":6},"end":{"line":77,"column":null}},"24":{"start":{"line":79,"column":28},"end":{"line":79,"column":null}},"25":{"start":{"line":80,"column":18},"end":{"line":80,"column":null}},"26":{"start":{"line":84,"column":19},"end":{"line":84,"column":null}},"27":{"start":{"line":86,"column":20},"end":{"line":86,"column":null}},"28":{"start":{"line":87,"column":6},"end":{"line":87,"column":null}},"29":{"start":{"line":89,"column":28},"end":{"line":89,"column":null}},"30":{"start":{"line":90,"column":18},"end":{"line":90,"column":null}},"31":{"start":{"line":94,"column":19},"end":{"line":94,"column":null}},"32":{"start":{"line":96,"column":20},"end":{"line":96,"column":null}},"33":{"start":{"line":97,"column":6},"end":{"line":97,"column":null}},"34":{"start":{"line":99,"column":37},"end":{"line":99,"column":null}},"35":{"start":{"line":100,"column":23},"end":{"line":100,"column":null}},"36":{"start":{"line":104,"column":19},"end":{"line":104,"column":null}},"37":{"start":{"line":106,"column":20},"end":{"line":106,"column":null}},"38":{"start":{"line":107,"column":6},"end":{"line":107,"column":null}},"39":{"start":{"line":109,"column":37},"end":{"line":109,"column":null}},"40":{"start":{"line":110,"column":23},"end":{"line":110,"column":null}},"41":{"start":{"line":114,"column":19},"end":{"line":114,"column":null}},"42":{"start":{"line":116,"column":20},"end":{"line":116,"column":null}},"43":{"start":{"line":117,"column":6},"end":{"line":117,"column":null}},"44":{"start":{"line":119,"column":37},"end":{"line":119,"column":null}},"45":{"start":{"line":120,"column":23},"end":{"line":120,"column":null}},"46":{"start":{"line":124,"column":19},"end":{"line":124,"column":null}},"47":{"start":{"line":126,"column":20},"end":{"line":126,"column":null}},"48":{"start":{"line":127,"column":6},"end":{"line":127,"column":null}},"49":{"start":{"line":129,"column":37},"end":{"line":129,"column":null}},"50":{"start":{"line":130,"column":23},"end":{"line":130,"column":null}},"51":{"start":{"line":134,"column":19},"end":{"line":134,"column":null}},"52":{"start":{"line":136,"column":20},"end":{"line":136,"column":null}},"53":{"start":{"line":137,"column":6},"end":{"line":137,"column":null}},"54":{"start":{"line":137,"column":18},"end":{"line":137,"column":null}},"55":{"start":{"line":138,"column":21},"end":{"line":142,"column":null}},"56":{"start":{"line":139,"column":24},"end":{"line":139,"column":null}},"57":{"start":{"line":140,"column":20},"end":{"line":140,"column":null}},"58":{"start":{"line":141,"column":8},"end":{"line":141,"column":null}},"59":{"start":{"line":143,"column":6},"end":{"line":143,"column":null}},"60":{"start":{"line":146,"column":20},"end":{"line":146,"column":null}},"61":{"start":{"line":146,"column":59},"end":{"line":146,"column":67}},"62":{"start":{"line":147,"column":6},"end":{"line":147,"column":null}},"63":{"start":{"line":149,"column":23},"end":{"line":149,"column":null}},"64":{"start":{"line":153,"column":19},"end":{"line":153,"column":null}},"65":{"start":{"line":155,"column":20},"end":{"line":155,"column":null}},"66":{"start":{"line":156,"column":6},"end":{"line":165,"column":null}},"67":{"start":{"line":157,"column":23},"end":{"line":157,"column":null}},"68":{"start":{"line":158,"column":8},"end":{"line":158,"column":null}},"69":{"start":{"line":158,"column":21},"end":{"line":158,"column":null}},"70":{"start":{"line":159,"column":23},"end":{"line":163,"column":null}},"71":{"start":{"line":160,"column":26},"end":{"line":160,"column":null}},"72":{"start":{"line":161,"column":22},"end":{"line":161,"column":null}},"73":{"start":{"line":162,"column":10},"end":{"line":162,"column":null}},"74":{"start":{"line":164,"column":8},"end":{"line":164,"column":null}},"75":{"start":{"line":166,"column":21},"end":{"line":170,"column":null}},"76":{"start":{"line":167,"column":24},"end":{"line":167,"column":null}},"77":{"start":{"line":168,"column":20},"end":{"line":168,"column":null}},"78":{"start":{"line":169,"column":8},"end":{"line":169,"column":null}},"79":{"start":{"line":171,"column":6},"end":{"line":171,"column":null}},"80":{"start":{"line":174,"column":20},"end":{"line":174,"column":null}},"81":{"start":{"line":174,"column":59},"end":{"line":174,"column":67}},"82":{"start":{"line":175,"column":6},"end":{"line":175,"column":null}},"83":{"start":{"line":177,"column":23},"end":{"line":177,"column":null}},"84":{"start":{"line":182,"column":22},"end":{"line":182,"column":43}},"85":{"start":{"line":185,"column":24},"end":{"line":188,"column":null}},"86":{"start":{"line":190,"column":30},"end":{"line":190,"column":null}},"87":{"start":{"line":191,"column":19},"end":{"line":191,"column":null}},"88":{"start":{"line":193,"column":4},"end":{"line":204,"column":null}},"89":{"start":{"line":194,"column":6},"end":{"line":203,"column":null}},"90":{"start":{"line":195,"column":8},"end":{"line":202,"column":null}},"91":{"start":{"line":196,"column":25},"end":{"line":196,"column":null}},"92":{"start":{"line":197,"column":10},"end":{"line":201,"column":null}},"93":{"start":{"line":198,"column":12},"end":{"line":198,"column":null}},"94":{"start":{"line":199,"column":12},"end":{"line":199,"column":null}},"95":{"start":{"line":200,"column":12},"end":{"line":200,"column":null}},"96":{"start":{"line":206,"column":26},"end":{"line":206,"column":null}},"97":{"start":{"line":207,"column":4},"end":{"line":207,"column":null}},"98":{"start":{"line":211,"column":4},"end":{"line":211,"column":null}},"99":{"start":{"line":211,"column":55},"end":{"line":211,"column":null}},"100":{"start":{"line":213,"column":18},"end":{"line":216,"column":null}},"101":{"start":{"line":214,"column":22},"end":{"line":214,"column":null}},"102":{"start":{"line":214,"column":51},"end":{"line":214,"column":75}},"103":{"start":{"line":215,"column":6},"end":{"line":215,"column":null}},"104":{"start":{"line":218,"column":4},"end":{"line":218,"column":null}},"105":{"start":{"line":222,"column":49},"end":{"line":222,"column":null}},"106":{"start":{"line":223,"column":4},"end":{"line":223,"column":null}},"107":{"start":{"line":223,"column":43},"end":{"line":223,"column":null}},"108":{"start":{"line":225,"column":4},"end":{"line":235,"column":null}},"109":{"start":{"line":226,"column":22},"end":{"line":232,"column":null}},"110":{"start":{"line":227,"column":24},"end":{"line":227,"column":null}},"111":{"start":{"line":227,"column":51},"end":{"line":227,"column":68}},"112":{"start":{"line":228,"column":8},"end":{"line":228,"column":null}},"113":{"start":{"line":228,"column":22},"end":{"line":228,"column":null}},"114":{"start":{"line":230,"column":26},"end":{"line":230,"column":null}},"115":{"start":{"line":231,"column":8},"end":{"line":231,"column":null}},"116":{"start":{"line":234,"column":6},"end":{"line":234,"column":null}}},"fnMap":{"0":{"name":"(anonymous_0)","decl":{"start":{"line":34,"column":10},"end":{"line":34,"column":11}},"loc":{"start":{"line":34,"column":19},"end":{"line":34,"column":null}}},"1":{"name":"(anonymous_1)","decl":{"start":{"line":35,"column":11},"end":{"line":35,"column":12}},"loc":{"start":{"line":35,"column":20},"end":{"line":38,"column":null}}},"2":{"name":"(anonymous_2)","decl":{"start":{"line":39,"column":15},"end":{"line":39,"column":16}},"loc":{"start":{"line":39,"column":37},"end":{"line":39,"column":null}}},"3":{"name":"(anonymous_3)","decl":{"start":{"line":40,"column":11},"end":{"line":40,"column":12}},"loc":{"start":{"line":40,"column":23},"end":{"line":40,"column":null}}},"4":{"name":"(anonymous_4)","decl":{"start":{"line":44,"column":10},"end":{"line":44,"column":11}},"loc":{"start":{"line":44,"column":19},"end":{"line":44,"column":null}}},"5":{"name":"(anonymous_5)","decl":{"start":{"line":45,"column":11},"end":{"line":45,"column":12}},"loc":{"start":{"line":45,"column":20},"end":{"line":48,"column":null}}},"6":{"name":"(anonymous_6)","decl":{"start":{"line":49,"column":15},"end":{"line":49,"column":16}},"loc":{"start":{"line":49,"column":37},"end":{"line":49,"column":null}}},"7":{"name":"(anonymous_7)","decl":{"start":{"line":50,"column":11},"end":{"line":50,"column":12}},"loc":{"start":{"line":50,"column":23},"end":{"line":50,"column":null}}},"8":{"name":"(anonymous_8)","decl":{"start":{"line":54,"column":10},"end":{"line":54,"column":11}},"loc":{"start":{"line":54,"column":19},"end":{"line":54,"column":null}}},"9":{"name":"(anonymous_9)","decl":{"start":{"line":55,"column":11},"end":{"line":55,"column":12}},"loc":{"start":{"line":55,"column":20},"end":{"line":58,"column":null}}},"10":{"name":"(anonymous_10)","decl":{"start":{"line":59,"column":15},"end":{"line":59,"column":16}},"loc":{"start":{"line":59,"column":37},"end":{"line":59,"column":null}}},"11":{"name":"(anonymous_11)","decl":{"start":{"line":60,"column":11},"end":{"line":60,"column":12}},"loc":{"start":{"line":60,"column":23},"end":{"line":60,"column":null}}},"12":{"name":"(anonymous_12)","decl":{"start":{"line":64,"column":10},"end":{"line":64,"column":11}},"loc":{"start":{"line":64,"column":19},"end":{"line":64,"column":null}}},"13":{"name":"(anonymous_13)","decl":{"start":{"line":65,"column":11},"end":{"line":65,"column":12}},"loc":{"start":{"line":65,"column":20},"end":{"line":68,"column":null}}},"14":{"name":"(anonymous_14)","decl":{"start":{"line":69,"column":15},"end":{"line":69,"column":16}},"loc":{"start":{"line":69,"column":37},"end":{"line":69,"column":null}}},"15":{"name":"(anonymous_15)","decl":{"start":{"line":70,"column":11},"end":{"line":70,"column":12}},"loc":{"start":{"line":70,"column":23},"end":{"line":70,"column":null}}},"16":{"name":"(anonymous_16)","decl":{"start":{"line":74,"column":10},"end":{"line":74,"column":11}},"loc":{"start":{"line":74,"column":19},"end":{"line":74,"column":null}}},"17":{"name":"(anonymous_17)","decl":{"start":{"line":75,"column":11},"end":{"line":75,"column":12}},"loc":{"start":{"line":75,"column":20},"end":{"line":78,"column":null}}},"18":{"name":"(anonymous_18)","decl":{"start":{"line":79,"column":15},"end":{"line":79,"column":16}},"loc":{"start":{"line":79,"column":28},"end":{"line":79,"column":null}}},"19":{"name":"(anonymous_19)","decl":{"start":{"line":80,"column":11},"end":{"line":80,"column":12}},"loc":{"start":{"line":80,"column":18},"end":{"line":80,"column":null}}},"20":{"name":"(anonymous_20)","decl":{"start":{"line":84,"column":10},"end":{"line":84,"column":11}},"loc":{"start":{"line":84,"column":19},"end":{"line":84,"column":null}}},"21":{"name":"(anonymous_21)","decl":{"start":{"line":85,"column":11},"end":{"line":85,"column":12}},"loc":{"start":{"line":85,"column":20},"end":{"line":88,"column":null}}},"22":{"name":"(anonymous_22)","decl":{"start":{"line":89,"column":15},"end":{"line":89,"column":16}},"loc":{"start":{"line":89,"column":28},"end":{"line":89,"column":null}}},"23":{"name":"(anonymous_23)","decl":{"start":{"line":90,"column":11},"end":{"line":90,"column":12}},"loc":{"start":{"line":90,"column":18},"end":{"line":90,"column":null}}},"24":{"name":"(anonymous_24)","decl":{"start":{"line":94,"column":10},"end":{"line":94,"column":11}},"loc":{"start":{"line":94,"column":19},"end":{"line":94,"column":null}}},"25":{"name":"(anonymous_25)","decl":{"start":{"line":95,"column":11},"end":{"line":95,"column":12}},"loc":{"start":{"line":95,"column":20},"end":{"line":98,"column":null}}},"26":{"name":"(anonymous_26)","decl":{"start":{"line":99,"column":15},"end":{"line":99,"column":16}},"loc":{"start":{"line":99,"column":37},"end":{"line":99,"column":null}}},"27":{"name":"(anonymous_27)","decl":{"start":{"line":100,"column":11},"end":{"line":100,"column":12}},"loc":{"start":{"line":100,"column":23},"end":{"line":100,"column":null}}},"28":{"name":"(anonymous_28)","decl":{"start":{"line":104,"column":10},"end":{"line":104,"column":11}},"loc":{"start":{"line":104,"column":19},"end":{"line":104,"column":null}}},"29":{"name":"(anonymous_29)","decl":{"start":{"line":105,"column":11},"end":{"line":105,"column":12}},"loc":{"start":{"line":105,"column":20},"end":{"line":108,"column":null}}},"30":{"name":"(anonymous_30)","decl":{"start":{"line":109,"column":15},"end":{"line":109,"column":16}},"loc":{"start":{"line":109,"column":37},"end":{"line":109,"column":null}}},"31":{"name":"(anonymous_31)","decl":{"start":{"line":110,"column":11},"end":{"line":110,"column":12}},"loc":{"start":{"line":110,"column":23},"end":{"line":110,"column":null}}},"32":{"name":"(anonymous_32)","decl":{"start":{"line":114,"column":10},"end":{"line":114,"column":11}},"loc":{"start":{"line":114,"column":19},"end":{"line":114,"column":null}}},"33":{"name":"(anonymous_33)","decl":{"start":{"line":115,"column":11},"end":{"line":115,"column":12}},"loc":{"start":{"line":115,"column":20},"end":{"line":118,"column":null}}},"34":{"name":"(anonymous_34)","decl":{"start":{"line":119,"column":15},"end":{"line":119,"column":16}},"loc":{"start":{"line":119,"column":37},"end":{"line":119,"column":null}}},"35":{"name":"(anonymous_35)","decl":{"start":{"line":120,"column":11},"end":{"line":120,"column":12}},"loc":{"start":{"line":120,"column":23},"end":{"line":120,"column":null}}},"36":{"name":"(anonymous_36)","decl":{"start":{"line":124,"column":10},"end":{"line":124,"column":11}},"loc":{"start":{"line":124,"column":19},"end":{"line":124,"column":null}}},"37":{"name":"(anonymous_37)","decl":{"start":{"line":125,"column":11},"end":{"line":125,"column":12}},"loc":{"start":{"line":125,"column":20},"end":{"line":128,"column":null}}},"38":{"name":"(anonymous_38)","decl":{"start":{"line":129,"column":15},"end":{"line":129,"column":16}},"loc":{"start":{"line":129,"column":37},"end":{"line":129,"column":null}}},"39":{"name":"(anonymous_39)","decl":{"start":{"line":130,"column":11},"end":{"line":130,"column":12}},"loc":{"start":{"line":130,"column":23},"end":{"line":130,"column":null}}},"40":{"name":"(anonymous_40)","decl":{"start":{"line":134,"column":10},"end":{"line":134,"column":11}},"loc":{"start":{"line":134,"column":19},"end":{"line":134,"column":null}}},"41":{"name":"(anonymous_41)","decl":{"start":{"line":135,"column":11},"end":{"line":135,"column":12}},"loc":{"start":{"line":135,"column":20},"end":{"line":144,"column":null}}},"42":{"name":"(anonymous_42)","decl":{"start":{"line":138,"column":45},"end":{"line":138,"column":50}},"loc":{"start":{"line":138,"column":50},"end":{"line":142,"column":7}}},"43":{"name":"(anonymous_43)","decl":{"start":{"line":145,"column":15},"end":{"line":145,"column":16}},"loc":{"start":{"line":145,"column":37},"end":{"line":148,"column":null}}},"44":{"name":"(anonymous_44)","decl":{"start":{"line":146,"column":54},"end":{"line":146,"column":59}},"loc":{"start":{"line":146,"column":59},"end":{"line":146,"column":67}}},"45":{"name":"(anonymous_45)","decl":{"start":{"line":149,"column":11},"end":{"line":149,"column":12}},"loc":{"start":{"line":149,"column":23},"end":{"line":149,"column":null}}},"46":{"name":"(anonymous_46)","decl":{"start":{"line":153,"column":10},"end":{"line":153,"column":11}},"loc":{"start":{"line":153,"column":19},"end":{"line":153,"column":null}}},"47":{"name":"(anonymous_47)","decl":{"start":{"line":154,"column":11},"end":{"line":154,"column":12}},"loc":{"start":{"line":154,"column":20},"end":{"line":172,"column":null}}},"48":{"name":"(anonymous_48)","decl":{"start":{"line":159,"column":48},"end":{"line":159,"column":53}},"loc":{"start":{"line":159,"column":53},"end":{"line":163,"column":9}}},"49":{"name":"(anonymous_49)","decl":{"start":{"line":166,"column":45},"end":{"line":166,"column":50}},"loc":{"start":{"line":166,"column":50},"end":{"line":170,"column":7}}},"50":{"name":"(anonymous_50)","decl":{"start":{"line":173,"column":15},"end":{"line":173,"column":16}},"loc":{"start":{"line":173,"column":37},"end":{"line":176,"column":null}}},"51":{"name":"(anonymous_51)","decl":{"start":{"line":174,"column":54},"end":{"line":174,"column":59}},"loc":{"start":{"line":174,"column":59},"end":{"line":174,"column":67}}},"52":{"name":"(anonymous_52)","decl":{"start":{"line":177,"column":11},"end":{"line":177,"column":12}},"loc":{"start":{"line":177,"column":23},"end":{"line":177,"column":null}}},"53":{"name":"(anonymous_53)","decl":{"start":{"line":182,"column":2},"end":{"line":182,"column":22}},"loc":{"start":{"line":182,"column":43},"end":{"line":182,"column":null}}},"54":{"name":"(anonymous_54)","decl":{"start":{"line":184,"column":2},"end":{"line":184,"column":26}},"loc":{"start":{"line":184,"column":26},"end":{"line":208,"column":null}}},"55":{"name":"(anonymous_55)","decl":{"start":{"line":210,"column":2},"end":{"line":210,"column":16}},"loc":{"start":{"line":210,"column":47},"end":{"line":219,"column":null}}},"56":{"name":"(anonymous_56)","decl":{"start":{"line":213,"column":36},"end":{"line":213,"column":37}},"loc":{"start":{"line":213,"column":48},"end":{"line":216,"column":5}}},"57":{"name":"(anonymous_57)","decl":{"start":{"line":214,"column":44},"end":{"line":214,"column":45}},"loc":{"start":{"line":214,"column":51},"end":{"line":214,"column":75}}},"58":{"name":"(anonymous_58)","decl":{"start":{"line":221,"column":2},"end":{"line":221,"column":12}},"loc":{"start":{"line":221,"column":28},"end":{"line":236,"column":null}}},"59":{"name":"(anonymous_59)","decl":{"start":{"line":225,"column":23},"end":{"line":225,"column":24}},"loc":{"start":{"line":225,"column":33},"end":{"line":235,"column":5}}},"60":{"name":"(anonymous_60)","decl":{"start":{"line":226,"column":34},"end":{"line":226,"column":35}},"loc":{"start":{"line":226,"column":56},"end":{"line":232,"column":7}}},"61":{"name":"(anonymous_61)","decl":{"start":{"line":227,"column":46},"end":{"line":227,"column":51}},"loc":{"start":{"line":227,"column":51},"end":{"line":227,"column":68}}}},"branchMap":{"0":{"loc":{"start":{"line":37,"column":13},"end":{"line":37,"column":null}},"type":"cond-expr","locations":[{"start":{"line":37,"column":21},"end":{"line":37,"column":60}},{"start":{"line":37,"column":60},"end":{"line":37,"column":null}}]},"1":{"loc":{"start":{"line":40,"column":23},"end":{"line":40,"column":null}},"type":"binary-expr","locations":[{"start":{"line":40,"column":23},"end":{"line":40,"column":48}},{"start":{"line":40,"column":48},"end":{"line":40,"column":75}},{"start":{"line":40,"column":75},"end":{"line":40,"column":null}}]},"2":{"loc":{"start":{"line":47,"column":13},"end":{"line":47,"column":null}},"type":"cond-expr","locations":[{"start":{"line":47,"column":21},"end":{"line":47,"column":58}},{"start":{"line":47,"column":58},"end":{"line":47,"column":null}}]},"3":{"loc":{"start":{"line":54,"column":19},"end":{"line":54,"column":null}},"type":"binary-expr","locations":[{"start":{"line":54,"column":19},"end":{"line":54,"column":40}},{"start":{"line":54,"column":40},"end":{"line":54,"column":63}},{"start":{"line":54,"column":63},"end":{"line":54,"column":null}}]},"4":{"loc":{"start":{"line":57,"column":13},"end":{"line":57,"column":null}},"type":"cond-expr","locations":[{"start":{"line":57,"column":21},"end":{"line":57,"column":54}},{"start":{"line":57,"column":54},"end":{"line":57,"column":null}}]},"5":{"loc":{"start":{"line":67,"column":13},"end":{"line":67,"column":null}},"type":"cond-expr","locations":[{"start":{"line":67,"column":21},"end":{"line":67,"column":56}},{"start":{"line":67,"column":56},"end":{"line":67,"column":null}}]},"6":{"loc":{"start":{"line":70,"column":23},"end":{"line":70,"column":null}},"type":"binary-expr","locations":[{"start":{"line":70,"column":23},"end":{"line":70,"column":48}},{"start":{"line":70,"column":48},"end":{"line":70,"column":75}},{"start":{"line":70,"column":75},"end":{"line":70,"column":null}}]},"7":{"loc":{"start":{"line":77,"column":13},"end":{"line":77,"column":null}},"type":"cond-expr","locations":[{"start":{"line":77,"column":21},"end":{"line":77,"column":54}},{"start":{"line":77,"column":54},"end":{"line":77,"column":null}}]},"8":{"loc":{"start":{"line":80,"column":18},"end":{"line":80,"column":null}},"type":"binary-expr","locations":[{"start":{"line":80,"column":18},"end":{"line":80,"column":37}},{"start":{"line":80,"column":37},"end":{"line":80,"column":51}},{"start":{"line":80,"column":51},"end":{"line":80,"column":null}}]},"9":{"loc":{"start":{"line":84,"column":19},"end":{"line":84,"column":null}},"type":"binary-expr","locations":[{"start":{"line":84,"column":19},"end":{"line":84,"column":40}},{"start":{"line":84,"column":40},"end":{"line":84,"column":null}}]},"10":{"loc":{"start":{"line":87,"column":13},"end":{"line":87,"column":null}},"type":"cond-expr","locations":[{"start":{"line":87,"column":21},"end":{"line":87,"column":50}},{"start":{"line":87,"column":50},"end":{"line":87,"column":null}}]},"11":{"loc":{"start":{"line":90,"column":18},"end":{"line":90,"column":null}},"type":"binary-expr","locations":[{"start":{"line":90,"column":18},"end":{"line":90,"column":37}},{"start":{"line":90,"column":37},"end":{"line":90,"column":51}},{"start":{"line":90,"column":51},"end":{"line":90,"column":null}}]},"12":{"loc":{"start":{"line":97,"column":13},"end":{"line":97,"column":null}},"type":"cond-expr","locations":[{"start":{"line":97,"column":21},"end":{"line":97,"column":74}},{"start":{"line":97,"column":74},"end":{"line":97,"column":null}}]},"13":{"loc":{"start":{"line":100,"column":23},"end":{"line":100,"column":null}},"type":"binary-expr","locations":[{"start":{"line":100,"column":23},"end":{"line":100,"column":48}},{"start":{"line":100,"column":48},"end":{"line":100,"column":75}},{"start":{"line":100,"column":75},"end":{"line":100,"column":null}}]},"14":{"loc":{"start":{"line":107,"column":13},"end":{"line":107,"column":null}},"type":"cond-expr","locations":[{"start":{"line":107,"column":21},"end":{"line":107,"column":71}},{"start":{"line":107,"column":71},"end":{"line":107,"column":null}}]},"15":{"loc":{"start":{"line":110,"column":23},"end":{"line":110,"column":null}},"type":"binary-expr","locations":[{"start":{"line":110,"column":23},"end":{"line":110,"column":48}},{"start":{"line":110,"column":48},"end":{"line":110,"column":75}},{"start":{"line":110,"column":75},"end":{"line":110,"column":null}}]},"16":{"loc":{"start":{"line":117,"column":13},"end":{"line":117,"column":null}},"type":"cond-expr","locations":[{"start":{"line":117,"column":21},"end":{"line":117,"column":59}},{"start":{"line":117,"column":59},"end":{"line":117,"column":null}}]},"17":{"loc":{"start":{"line":120,"column":23},"end":{"line":120,"column":null}},"type":"binary-expr","locations":[{"start":{"line":120,"column":23},"end":{"line":120,"column":48}},{"start":{"line":120,"column":48},"end":{"line":120,"column":75}},{"start":{"line":120,"column":75},"end":{"line":120,"column":null}}]},"18":{"loc":{"start":{"line":127,"column":13},"end":{"line":127,"column":null}},"type":"cond-expr","locations":[{"start":{"line":127,"column":21},"end":{"line":127,"column":57}},{"start":{"line":127,"column":57},"end":{"line":127,"column":null}}]},"19":{"loc":{"start":{"line":130,"column":23},"end":{"line":130,"column":null}},"type":"binary-expr","locations":[{"start":{"line":130,"column":23},"end":{"line":130,"column":48}},{"start":{"line":130,"column":48},"end":{"line":130,"column":75}},{"start":{"line":130,"column":75},"end":{"line":130,"column":null}}]},"20":{"loc":{"start":{"line":134,"column":19},"end":{"line":134,"column":null}},"type":"binary-expr","locations":[{"start":{"line":134,"column":19},"end":{"line":134,"column":41}},{"start":{"line":134,"column":41},"end":{"line":134,"column":null}}]},"21":{"loc":{"start":{"line":137,"column":6},"end":{"line":137,"column":null}},"type":"if","locations":[{"start":{"line":137,"column":6},"end":{"line":137,"column":null}},{"start":{},"end":{}}]},"22":{"loc":{"start":{"line":141,"column":15},"end":{"line":141,"column":null}},"type":"cond-expr","locations":[{"start":{"line":141,"column":28},"end":{"line":141,"column":38}},{"start":{"line":141,"column":38},"end":{"line":141,"column":null}}]},"23":{"loc":{"start":{"line":149,"column":23},"end":{"line":149,"column":null}},"type":"binary-expr","locations":[{"start":{"line":149,"column":23},"end":{"line":149,"column":45}},{"start":{"line":149,"column":45},"end":{"line":149,"column":null}}]},"24":{"loc":{"start":{"line":153,"column":19},"end":{"line":153,"column":null}},"type":"binary-expr","locations":[{"start":{"line":153,"column":19},"end":{"line":153,"column":41}},{"start":{"line":153,"column":41},"end":{"line":153,"column":null}}]},"25":{"loc":{"start":{"line":156,"column":6},"end":{"line":165,"column":null}},"type":"if","locations":[{"start":{"line":156,"column":6},"end":{"line":165,"column":null}},{"start":{},"end":{}}]},"26":{"loc":{"start":{"line":158,"column":8},"end":{"line":158,"column":null}},"type":"if","locations":[{"start":{"line":158,"column":8},"end":{"line":158,"column":null}},{"start":{},"end":{}}]},"27":{"loc":{"start":{"line":162,"column":17},"end":{"line":162,"column":null}},"type":"cond-expr","locations":[{"start":{"line":162,"column":30},"end":{"line":162,"column":40}},{"start":{"line":162,"column":40},"end":{"line":162,"column":null}}]},"28":{"loc":{"start":{"line":169,"column":15},"end":{"line":169,"column":null}},"type":"cond-expr","locations":[{"start":{"line":169,"column":28},"end":{"line":169,"column":38}},{"start":{"line":169,"column":38},"end":{"line":169,"column":null}}]},"29":{"loc":{"start":{"line":177,"column":23},"end":{"line":177,"column":null}},"type":"binary-expr","locations":[{"start":{"line":177,"column":23},"end":{"line":177,"column":45}},{"start":{"line":177,"column":45},"end":{"line":177,"column":null}}]},"30":{"loc":{"start":{"line":195,"column":8},"end":{"line":202,"column":null}},"type":"if","locations":[{"start":{"line":195,"column":8},"end":{"line":202,"column":null}},{"start":{},"end":{}}]},"31":{"loc":{"start":{"line":197,"column":10},"end":{"line":201,"column":null}},"type":"if","locations":[{"start":{"line":197,"column":10},"end":{"line":201,"column":null}},{"start":{},"end":{}}]},"32":{"loc":{"start":{"line":206,"column":26},"end":{"line":206,"column":null}},"type":"cond-expr","locations":[{"start":{"line":206,"column":62},"end":{"line":206,"column":69}},{"start":{"line":206,"column":69},"end":{"line":206,"column":null}}]},"33":{"loc":{"start":{"line":211,"column":4},"end":{"line":211,"column":null}},"type":"if","locations":[{"start":{"line":211,"column":4},"end":{"line":211,"column":null}},{"start":{},"end":{}}]},"34":{"loc":{"start":{"line":211,"column":8},"end":{"line":211,"column":55}},"type":"binary-expr","locations":[{"start":{"line":211,"column":8},"end":{"line":211,"column":27}},{"start":{"line":211,"column":27},"end":{"line":211,"column":55}}]},"35":{"loc":{"start":{"line":215,"column":13},"end":{"line":215,"column":null}},"type":"binary-expr","locations":[{"start":{"line":215,"column":13},"end":{"line":215,"column":43}},{"start":{"line":215,"column":43},"end":{"line":215,"column":null}}]},"36":{"loc":{"start":{"line":223,"column":4},"end":{"line":223,"column":null}},"type":"if","locations":[{"start":{"line":223,"column":4},"end":{"line":223,"column":null}},{"start":{},"end":{}}]},"37":{"loc":{"start":{"line":223,"column":8},"end":{"line":223,"column":43}},"type":"binary-expr","locations":[{"start":{"line":223,"column":8},"end":{"line":223,"column":21}},{"start":{"line":223,"column":21},"end":{"line":223,"column":43}}]},"38":{"loc":{"start":{"line":228,"column":8},"end":{"line":228,"column":null}},"type":"if","locations":[{"start":{"line":228,"column":8},"end":{"line":228,"column":null}},{"start":{},"end":{}}]},"39":{"loc":{"start":{"line":234,"column":13},"end":{"line":234,"column":null}},"type":"cond-expr","locations":[{"start":{"line":234,"column":38},"end":{"line":234,"column":62}},{"start":{"line":234,"column":62},"end":{"line":234,"column":null}}]}},"s":{"0":1,"1":27,"2":2,"3":2,"4":1,"5":1,"6":25,"7":3,"8":3,"9":1,"10":1,"11":23,"12":3,"13":3,"14":1,"15":1,"16":21,"17":1,"18":1,"19":1,"20":1,"21":20,"22":2,"23":2,"24":1,"25":1,"26":18,"27":2,"28":2,"29":1,"30":1,"31":16,"32":2,"33":2,"34":1,"35":1,"36":14,"37":3,"38":3,"39":1,"40":4,"41":11,"42":3,"43":3,"44":1,"45":4,"46":8,"47":2,"48":2,"49":1,"50":1,"51":6,"52":2,"53":2,"54":1,"55":1,"56":2,"57":2,"58":2,"59":1,"60":1,"61":2,"62":1,"63":3,"64":5,"65":1,"66":1,"67":1,"68":1,"69":0,"70":1,"71":2,"72":2,"73":2,"74":1,"75":0,"76":0,"77":0,"78":0,"79":0,"80":1,"81":2,"82":1,"83":3,"84":9,"85":9,"86":9,"87":9,"88":9,"89":27,"90":194,"91":26,"92":26,"93":23,"94":23,"95":23,"96":9,"97":9,"98":1,"99":0,"100":1,"101":12,"102":78,"103":12,"104":1,"105":6,"106":6,"107":2,"108":4,"109":10,"110":22,"111":175,"112":22,"113":0,"114":22,"115":22,"116":10},"f":{"0":27,"1":2,"2":1,"3":1,"4":25,"5":3,"6":1,"7":1,"8":23,"9":3,"10":1,"11":1,"12":21,"13":1,"14":1,"15":1,"16":20,"17":2,"18":1,"19":1,"20":18,"21":2,"22":1,"23":1,"24":16,"25":2,"26":1,"27":1,"28":14,"29":3,"30":1,"31":4,"32":11,"33":3,"34":1,"35":4,"36":8,"37":2,"38":1,"39":1,"40":6,"41":2,"42":2,"43":1,"44":2,"45":3,"46":5,"47":1,"48":2,"49":0,"50":1,"51":2,"52":3,"53":9,"54":9,"55":1,"56":12,"57":78,"58":6,"59":10,"60":22,"61":175},"b":{"0":[2,0],"1":[1,1,1],"2":[2,1],"3":[23,4,3],"4":[2,1],"5":[1,0],"6":[1,1,1],"7":[2,0],"8":[1,1,1],"9":[18,2],"10":[2,0],"11":[1,1,1],"12":[2,0],"13":[1,1,1],"14":[3,0],"15":[4,4,4],"16":[3,0],"17":[4,4,4],"18":[2,0],"19":[1,1,1],"20":[6,2],"21":[1,1],"22":[0,2],"23":[3,3],"24":[5,1],"25":[1,0],"26":[0,1],"27":[0,2],"28":[0,0],"29":[3,3],"30":[26,168],"31":[23,3],"32":[0,9],"33":[0,1],"34":[1,1],"35":[12,0],"36":[2,4],"37":[6,4],"38":[0,22],"39":[0,10]}}
}
